Using pre-set license
Built from '2021.2/release' branch; Version is '2021.2.0f1 (4bf1ec4b23c9) revision 4977132'; Using compiler version '192829333'; Build Type 'Release'
OS: 'Windows 10 Home; OS build 19044.1766; Version 2009; 64bit' Language: 'en' Physical Memory: 16244 MB
BatchMode: 1, IsHumanControllingUs: 0, StartBugReporterOnCrash: 0, Is64bit: 1, IsPro: 0

COMMAND LINE ARGUMENTS:
C:\Program Files\Unity 2021.2.0f1\Editor\Unity.exe
-adb2
-batchMode
-noUpm
-name
AssetImportWorker0
-projectPath
C:/Users/Yazan Qawasmeh/Documents/github/OpenSourceBowlingEndlessRunner/Bowling Endless Runner
-logFile
Logs/AssetImportWorker0.log
-srvPort
49459
Successfully changed project path to: C:/Users/Yazan Qawasmeh/Documents/github/OpenSourceBowlingEndlessRunner/Bowling Endless Runner
C:/Users/Yazan Qawasmeh/Documents/github/OpenSourceBowlingEndlessRunner/Bowling Endless Runner
[UnityMemory] Configuration Parameters - Can be set up in boot.config
    "memorysetup-bucket-allocator-granularity=16"
    "memorysetup-bucket-allocator-bucket-count=8"
    "memorysetup-bucket-allocator-block-size=33554432"
    "memorysetup-bucket-allocator-block-count=8"
    "memorysetup-main-allocator-block-size=16777216"
    "memorysetup-thread-allocator-block-size=16777216"
    "memorysetup-gfx-main-allocator-block-size=16777216"
    "memorysetup-gfx-thread-allocator-block-size=16777216"
    "memorysetup-cache-allocator-block-size=4194304"
    "memorysetup-typetree-allocator-block-size=2097152"
    "memorysetup-profiler-bucket-allocator-granularity=16"
    "memorysetup-profiler-bucket-allocator-bucket-count=8"
    "memorysetup-profiler-bucket-allocator-block-size=33554432"
    "memorysetup-profiler-bucket-allocator-block-count=8"
    "memorysetup-profiler-allocator-block-size=16777216"
    "memorysetup-profiler-editor-allocator-block-size=1048576"
    "memorysetup-temp-allocator-size-main=16777216"
    "memorysetup-job-temp-allocator-block-size=2097152"
    "memorysetup-job-temp-allocator-block-size-background=1048576"
    "memorysetup-job-temp-allocator-reduction-small-platforms=262144"
    "memorysetup-temp-allocator-size-background-worker=32768"
    "memorysetup-temp-allocator-size-job-worker=262144"
    "memorysetup-temp-allocator-size-preload-manager=33554432"
    "memorysetup-temp-allocator-size-nav-mesh-worker=65536"
    "memorysetup-temp-allocator-size-audio-worker=65536"
    "memorysetup-temp-allocator-size-cloud-worker=32768"
    "memorysetup-temp-allocator-size-gi-baking-worker=262144"
    "memorysetup-temp-allocator-size-gfx=262144"
Refreshing native plugins compatible for Editor in 92.97 ms, found 2 plugins.
Preloading 0 native plugins for Editor in 0.00 ms.
Initialize engine version: 2021.2.0f1 (4bf1ec4b23c9)
[Subsystems] Discovering subsystems at path C:/Program Files/Unity 2021.2.0f1/Editor/Data/Resources/UnitySubsystems
[Subsystems] Discovering subsystems at path C:/Users/Yazan Qawasmeh/Documents/github/OpenSourceBowlingEndlessRunner/Bowling Endless Runner/Assets
GfxDevice: creating device client; threaded=0; jobified=0
Direct3D:
    Version:  Direct3D 11.0 [level 11.1]
    Renderer: NVIDIA GeForce GTX 1060 (ID=0x1c20)
    Vendor:   NVIDIA
    VRAM:     6052 MB
    Driver:   30.0.14.9676
Initialize mono
Mono path[0] = 'C:/Program Files/Unity 2021.2.0f1/Editor/Data/Managed'
Mono path[1] = 'C:/Program Files/Unity 2021.2.0f1/Editor/Data/MonoBleedingEdge/lib/mono/unityjit-win32'
Mono config path = 'C:/Program Files/Unity 2021.2.0f1/Editor/Data/MonoBleedingEdge/etc'
Using monoOptions --debugger-agent=transport=dt_socket,embedding=1,server=y,suspend=n,address=127.0.0.1:56036
Begin MonoManager ReloadAssembly
Registering precompiled unity dll's ...
Register platform support module: C:/Program Files/Unity 2021.2.0f1/Editor/Data/PlaybackEngines/WindowsStandaloneSupport/UnityEditor.WindowsStandalone.Extensions.dll
Registered in 0.013715 seconds.
Native extension for WindowsStandalone target not found
Refreshing native plugins compatible for Editor in 108.11 ms, found 2 plugins.
Preloading 0 native plugins for Editor in 0.00 ms.
Mono: successfully reloaded assembly
- Completed reload, in  3.944 seconds
Domain Reload Profiling:
	ReloadAssembly (3945ms)
		BeginReloadAssembly (213ms)
			ExecutionOrderSort (0ms)
			DisableScriptedObjects (0ms)
			BackupInstance (0ms)
			ReleaseScriptingObjects (0ms)
			CreateAndSetChildDomain (1ms)
		EndReloadAssembly (938ms)
			LoadAssemblies (209ms)
			RebuildTransferFunctionScriptingTraits (1ms)
			SetupTypeCache (327ms)
			ReleaseScriptCaches (0ms)
			RebuildScriptCaches (79ms)
			SetupLoadedEditorAssemblies (391ms)
				LogAssemblyErrors (0ms)
				InitializePlatformSupportModulesInManaged (22ms)
				SetLoadedEditorAssemblies (1ms)
				RefreshPlugins (108ms)
				BeforeProcessingInitializeOnLoad (2ms)
				ProcessInitializeOnLoadAttributes (184ms)
				ProcessInitializeOnLoadMethodAttributes (72ms)
				AfterProcessingInitializeOnLoad (0ms)
				EditorAssembliesLoaded (0ms)
			ExecutionOrderSort2 (0ms)
			AwakeInstancesAfterBackupRestoration (0ms)
Platform modules already initialized, skipping
Registering precompiled user dll's ...
Registered in 3.613642 seconds.
Begin MonoManager ReloadAssembly
Native extension for WindowsStandalone target not found
Refreshing native plugins compatible for Editor in 87.70 ms, found 2 plugins.
Preloading 0 native plugins for Editor in 0.00 ms.
Mono: successfully reloaded assembly
- Completed reload, in 11.279 seconds
Domain Reload Profiling:
	ReloadAssembly (11280ms)
		BeginReloadAssembly (266ms)
			ExecutionOrderSort (0ms)
			DisableScriptedObjects (7ms)
			BackupInstance (0ms)
			ReleaseScriptingObjects (0ms)
			CreateAndSetChildDomain (28ms)
		EndReloadAssembly (10760ms)
			LoadAssemblies (6409ms)
			RebuildTransferFunctionScriptingTraits (0ms)
			SetupTypeCache (608ms)
			ReleaseScriptCaches (1ms)
			RebuildScriptCaches (84ms)
			SetupLoadedEditorAssemblies (3521ms)
				LogAssemblyErrors (0ms)
				InitializePlatformSupportModulesInManaged (16ms)
				SetLoadedEditorAssemblies (0ms)
				RefreshPlugins (88ms)
				BeforeProcessingInitializeOnLoad (130ms)
				ProcessInitializeOnLoadAttributes (1180ms)
				ProcessInitializeOnLoadMethodAttributes (2095ms)
				AfterProcessingInitializeOnLoad (11ms)
				EditorAssembliesLoaded (0ms)
			ExecutionOrderSort2 (0ms)
			AwakeInstancesAfterBackupRestoration (10ms)
Platform modules already initialized, skipping
========================================================================
Worker process is ready to serve import requests
Launched and connected shader compiler UnityShaderCompiler.exe after 0.09 seconds
Refreshing native plugins compatible for Editor in 2.11 ms, found 2 plugins.
Preloading 0 native plugins for Editor in 0.00 ms.
Unloading 3732 Unused Serialized files (Serialized files now loaded: 0)
Unloading 124 unused Assets / (0.8 MB). Loaded Objects now: 4184.
Memory consumption went from 177.9 MB to 177.2 MB.
Total: 9.605300 ms (FindLiveObjects: 0.525700 ms CreateObjectMapping: 0.471200 ms MarkObjects: 7.029200 ms  DeleteObjects: 1.576700 ms)

AssetImportParameters requested are different than current active one (requested -> active):
  custom:video-decoder-ogg-theora: a1e56fd34408186e4bbccfd4996cb3dc -> 
  custom:container-muxer-webm: aa71ff27fc2769a1b78a27578f13a17b -> 
  custom:container-demuxer-webm: 4f35f7cbe854078d1ac9338744f61a02 -> 
  custom:video-encoder-webm-vp8: eb34c28f22e8b96e1ab97ce403110664 -> 
  custom:audio-encoder-webm-vorbis: bf7c407c2cedff20999df2af8eb42d56 -> 
  custom:framework-win-MediaFoundation: 216162199b28c13a410421893ffa2e32 -> 
  custom:container-demuxer-ogg: 62fdf1f143b41e24485cea50d1cbac27 -> 
  custom:video-decoder-webm-vp8: 9c59270c3fd7afecdb556c50c9e8de78 -> 
  custom:audio-decoder-ogg-vorbis: bf7c407c2cedff20999df2af8eb42d56 -> 
========================================================================
Received Import Request.
  Time since last request: 996791.456532 seconds.
  path: Assets/BOWLING PIN.fbx
  artifactKey: Guid(90813d4fad31a534b827f0dd9c4cb6fb) Importer(815301076,1909f56bfc062723c751e8b465ee728b)
Start importing Assets/BOWLING PIN.fbx using Guid(90813d4fad31a534b827f0dd9c4cb6fb) Importer(815301076,1909f56bfc062723c751e8b465ee728b)  -> (artifact id: 'cb4ea445e70d90b8510a470dfbfc9f46') in 1.094857 seconds 
========================================================================
Received Prepare
Registering precompiled user dll's ...
Registered in 0.009893 seconds.
Begin MonoManager ReloadAssembly
Native extension for WindowsStandalone target not found
Refreshing native plugins compatible for Editor in 1.30 ms, found 2 plugins.
Preloading 0 native plugins for Editor in 0.00 ms.
Mono: successfully reloaded assembly
- Completed reload, in  2.854 seconds
Domain Reload Profiling:
	ReloadAssembly (2855ms)
		BeginReloadAssembly (288ms)
			ExecutionOrderSort (0ms)
			DisableScriptedObjects (12ms)
			BackupInstance (0ms)
			ReleaseScriptingObjects (0ms)
			CreateAndSetChildDomain (86ms)
		EndReloadAssembly (2403ms)
			LoadAssemblies (143ms)
			RebuildTransferFunctionScriptingTraits (0ms)
			SetupTypeCache (552ms)
			ReleaseScriptCaches (2ms)
			RebuildScriptCaches (179ms)
			SetupLoadedEditorAssemblies (1265ms)
				LogAssemblyErrors (0ms)
				InitializePlatformSupportModulesInManaged (20ms)
				SetLoadedEditorAssemblies (1ms)
				RefreshPlugins (1ms)
				BeforeProcessingInitializeOnLoad (149ms)
				ProcessInitializeOnLoadAttributes (960ms)
				ProcessInitializeOnLoadMethodAttributes (122ms)
				AfterProcessingInitializeOnLoad (11ms)
				EditorAssembliesLoaded (0ms)
			ExecutionOrderSort2 (0ms)
			AwakeInstancesAfterBackupRestoration (28ms)
Platform modules already initialized, skipping
Refreshing native plugins compatible for Editor in 1.22 ms, found 2 plugins.
Preloading 0 native plugins for Editor in 0.00 ms.
Unloading 3585 Unused Serialized files (Serialized files now loaded: 0)
Unloading 116 unused Assets / (376.5 KB). Loaded Objects now: 4282.
Memory consumption went from 176.8 MB to 176.5 MB.
Total: 6.057000 ms (FindLiveObjects: 0.407800 ms CreateObjectMapping: 0.402900 ms MarkObjects: 4.411700 ms  DeleteObjects: 0.832400 ms)

AssetImportParameters requested are different than current active one (requested -> active):
  custom:video-decoder-ogg-theora: a1e56fd34408186e4bbccfd4996cb3dc -> 
  custom:container-muxer-webm: aa71ff27fc2769a1b78a27578f13a17b -> 
  custom:container-demuxer-webm: 4f35f7cbe854078d1ac9338744f61a02 -> 
  custom:video-encoder-webm-vp8: eb34c28f22e8b96e1ab97ce403110664 -> 
  custom:audio-encoder-webm-vorbis: bf7c407c2cedff20999df2af8eb42d56 -> 
  custom:framework-win-MediaFoundation: 216162199b28c13a410421893ffa2e32 -> 
  custom:container-demuxer-ogg: 62fdf1f143b41e24485cea50d1cbac27 -> 
  custom:video-decoder-webm-vp8: 9c59270c3fd7afecdb556c50c9e8de78 -> 
  custom:audio-decoder-ogg-vorbis: bf7c407c2cedff20999df2af8eb42d56 -> 
========================================================================
Received Import Request.
  Time since last request: 103.827950 seconds.
  path: Assets/LeanTween/Examples/Models/DirectionalArrow.fbx
  artifactKey: Guid(d47ae0396110840289d47476d8289fbf) Importer(815301076,1909f56bfc062723c751e8b465ee728b)
Start importing Assets/LeanTween/Examples/Models/DirectionalArrow.fbx using Guid(d47ae0396110840289d47476d8289fbf) Importer(815301076,1909f56bfc062723c751e8b465ee728b)  -> (artifact id: 'b19e48415ff5b0df06622e9ee07d9ed0') in 0.577369 seconds 
========================================================================
Received Import Request.
  Time since last request: 0.000031 seconds.
  path: Assets/ExampleAssets/Models/safetygoggles_low.fbx
  artifactKey: Guid(6296e48663fd7ad46b1a2af507f871cf) Importer(815301076,1909f56bfc062723c751e8b465ee728b)
Start importing Assets/ExampleAssets/Models/safetygoggles_low.fbx using Guid(6296e48663fd7ad46b1a2af507f871cf) Importer(815301076,1909f56bfc062723c751e8b465ee728b)  -> (artifact id: '8c414c31f1178de87e4c12e91afeb9ab') in 0.078597 seconds 
========================================================================
Received Import Request.
  Time since last request: 0.000047 seconds.
  path: Assets/LeanTween/Examples/Models/LeanTweenHD-Icon.fbx
  artifactKey: Guid(7d6f6aee277594029851a7cc81d550d5) Importer(815301076,1909f56bfc062723c751e8b465ee728b)
Start importing Assets/LeanTween/Examples/Models/LeanTweenHD-Icon.fbx using Guid(7d6f6aee277594029851a7cc81d550d5) Importer(815301076,1909f56bfc062723c751e8b465ee728b)  -> (artifact id: '96030d4c6e39afc41e4fcd1977dfdeb5') in 0.069379 seconds 
========================================================================
Received Import Request.
  Time since last request: 0.000035 seconds.
  path: Assets/ExampleAssets/Models/jigsaw_low.fbx
  artifactKey: Guid(8b73e8872ca76104bbca4ee2b704a1b4) Importer(815301076,1909f56bfc062723c751e8b465ee728b)
Start importing Assets/ExampleAssets/Models/jigsaw_low.fbx using Guid(8b73e8872ca76104bbca4ee2b704a1b4) Importer(815301076,1909f56bfc062723c751e8b465ee728b)  -> (artifact id: 'f136543d2edfaaff9cf2712250bad4db') in 0.053214 seconds 
========================================================================
Received Import Request.
  Time since last request: 0.000051 seconds.
  path: Assets/ExampleAssets/Models/magneticlevel_low.fbx
  artifactKey: Guid(bae110eee250e4b418b188f4ae4e3170) Importer(815301076,1909f56bfc062723c751e8b465ee728b)
Start importing Assets/ExampleAssets/Models/magneticlevel_low.fbx using Guid(bae110eee250e4b418b188f4ae4e3170) Importer(815301076,1909f56bfc062723c751e8b465ee728b)  -> (artifact id: '75ad726fb87d950cc720599f5bbd480d') in 0.086884 seconds 
========================================================================
Received Import Request.
  Time since last request: 0.000033 seconds.
  path: Assets/LeanTween/Examples/Models/LeanTween-Icon.fbx
  artifactKey: Guid(6fc4240da91ab4747a411a8313faed53) Importer(815301076,1909f56bfc062723c751e8b465ee728b)
Start importing Assets/LeanTween/Examples/Models/LeanTween-Icon.fbx using Guid(6fc4240da91ab4747a411a8313faed53) Importer(815301076,1909f56bfc062723c751e8b465ee728b)  -> (artifact id: 'a8c90347e2aaf714fde95f0f5bd0b1de') in 0.067727 seconds 
========================================================================
Received Import Request.
  Time since last request: 0.000053 seconds.
  path: Assets/LeanTween/Examples/Models/EndlessDrivingText.fbx
  artifactKey: Guid(6311d891eea1c406c941c23f9dfa5265) Importer(815301076,1909f56bfc062723c751e8b465ee728b)
Start importing Assets/LeanTween/Examples/Models/EndlessDrivingText.fbx using Guid(6311d891eea1c406c941c23f9dfa5265) Importer(815301076,1909f56bfc062723c751e8b465ee728b)  -> (artifact id: 'c26e9e48317620bea4d614ea15c6d605') in 0.047527 seconds 
========================================================================
Received Import Request.
  Time since last request: 0.000049 seconds.
  path: Assets/ExampleAssets/Models/brush_low.fbx
  artifactKey: Guid(aed8c47425ab91f4eb06ce6fe47c3e4e) Importer(815301076,1909f56bfc062723c751e8b465ee728b)
Start importing Assets/ExampleAssets/Models/brush_low.fbx using Guid(aed8c47425ab91f4eb06ce6fe47c3e4e) Importer(815301076,1909f56bfc062723c751e8b465ee728b)  -> (artifact id: '2f804ffea6c51f8c47d0efc6e9121ec0') in 0.041008 seconds 
========================================================================
Received Import Request.
  Time since last request: 0.000044 seconds.
  path: Assets/LeanTween/Examples/Models/SimpleAvatar.fbx
  artifactKey: Guid(c8c942998fe7e4845bed23e105bd031f) Importer(815301076,1909f56bfc062723c751e8b465ee728b)
Start importing Assets/LeanTween/Examples/Models/SimpleAvatar.fbx using Guid(c8c942998fe7e4845bed23e105bd031f) Importer(815301076,1909f56bfc062723c751e8b465ee728b)  -> (artifact id: '0d7795b0ffc850c8995382a76c28d161') in 0.031055 seconds 
========================================================================
Received Import Request.
  Time since last request: 0.000028 seconds.
  path: Assets/ExampleAssets/Models/paintbucket_low.fbx
  artifactKey: Guid(b451a052397f03c4f8a04d915d1c0492) Importer(815301076,1909f56bfc062723c751e8b465ee728b)
Start importing Assets/ExampleAssets/Models/paintbucket_low.fbx using Guid(b451a052397f03c4f8a04d915d1c0492) Importer(815301076,1909f56bfc062723c751e8b465ee728b)  -> (artifact id: '3dc52a1e242fa9b09ef055c34745d15c') in 0.114781 seconds 
========================================================================
Received Import Request.
  Time since last request: 0.000045 seconds.
  path: Assets/ExampleAssets/Models/Workshop_Set.fbx
  artifactKey: Guid(47616bd0cda748d4cbedcfc908506b9d) Importer(815301076,1909f56bfc062723c751e8b465ee728b)
Start importing Assets/ExampleAssets/Models/Workshop_Set.fbx using Guid(47616bd0cda748d4cbedcfc908506b9d) Importer(815301076,1909f56bfc062723c751e8b465ee728b)  -> (artifact id: 'c946c6a9ff24d3c7f8c8f095c01ae03b') in 0.171430 seconds 
========================================================================
Received Import Request.
  Time since last request: 0.000057 seconds.
  path: Assets/ExampleAssets/Models/ConstructionLight_Low.fbx
  artifactKey: Guid(e3ae06a3979f53046aa05330d69de1fa) Importer(815301076,1909f56bfc062723c751e8b465ee728b)
Start importing Assets/ExampleAssets/Models/ConstructionLight_Low.fbx using Guid(e3ae06a3979f53046aa05330d69de1fa) Importer(815301076,1909f56bfc062723c751e8b465ee728b)  -> (artifact id: '2aafd2161cf334974b34e317f5725124') in 0.109106 seconds 
========================================================================
Received Import Request.
  Time since last request: 0.000053 seconds.
  path: Assets/LeanTween/Examples/Models/Grid.fbx
  artifactKey: Guid(cf8dd6c08e9ac4507bbbd1468b530d48) Importer(815301076,1909f56bfc062723c751e8b465ee728b)
Start importing Assets/LeanTween/Examples/Models/Grid.fbx using Guid(cf8dd6c08e9ac4507bbbd1468b530d48) Importer(815301076,1909f56bfc062723c751e8b465ee728b)  -> (artifact id: 'a1ff880da07990c19dc094dc8382deea') in 0.039204 seconds 
========================================================================
Received Import Request.
  Time since last request: 0.000037 seconds.
  path: Assets/ExampleAssets/Models/safetyhat_low.fbx
  artifactKey: Guid(9d0d902f71acfe646a46cb625f815a49) Importer(815301076,1909f56bfc062723c751e8b465ee728b)
Start importing Assets/ExampleAssets/Models/safetyhat_low.fbx using Guid(9d0d902f71acfe646a46cb625f815a49) Importer(815301076,1909f56bfc062723c751e8b465ee728b)  -> (artifact id: '7986287f13de374b569960406befa7c3') in 0.053779 seconds 
========================================================================
Received Import Request.
  Time since last request: 0.000030 seconds.
  path: Assets/LeanTween/Examples/Models/ExampleCar.fbx
  artifactKey: Guid(00046df2e01964c4cbb764131f0c85e1) Importer(815301076,1909f56bfc062723c751e8b465ee728b)
Start importing Assets/LeanTween/Examples/Models/ExampleCar.fbx using Guid(00046df2e01964c4cbb764131f0c85e1) Importer(815301076,1909f56bfc062723c751e8b465ee728b)  -> (artifact id: '7ebede40afa40fbbc6696857144e7a6a') in 0.039353 seconds 
========================================================================
Received Import Request.
  Time since last request: 0.000040 seconds.
  path: Assets/ExampleAssets/Models/small_plane.fbx
  artifactKey: Guid(aeaee610429f51f44981e141eb2a3545) Importer(815301076,1909f56bfc062723c751e8b465ee728b)
Start importing Assets/ExampleAssets/Models/small_plane.fbx using Guid(aeaee610429f51f44981e141eb2a3545) Importer(815301076,1909f56bfc062723c751e8b465ee728b)  -> (artifact id: '523ddb56d7bbddb8d5bab758383c0ffc') in 0.042355 seconds 
========================================================================
Received Import Request.
  Time since last request: 0.566403 seconds.
  path: Assets/ExampleAssets/Models/Stud.fbx
  artifactKey: Guid(34624edaccd9d704a95ed404d919b492) Importer(815301076,1909f56bfc062723c751e8b465ee728b)
Start importing Assets/ExampleAssets/Models/Stud.fbx using Guid(34624edaccd9d704a95ed404d919b492) Importer(815301076,1909f56bfc062723c751e8b465ee728b)  -> (artifact id: '93ff72c668cee97bdd6be536efc31d0e') in 0.169878 seconds 
========================================================================
Received Import Request.
  Time since last request: 0.126799 seconds.
  path: Assets/Skybox add-on/Demo/DemoTerrain/Terrain_1.fbx
  artifactKey: Guid(a0193814cea8b4ef2936e4cdebe695e3) Importer(815301076,1909f56bfc062723c751e8b465ee728b)
Start importing Assets/Skybox add-on/Demo/DemoTerrain/Terrain_1.fbx using Guid(a0193814cea8b4ef2936e4cdebe695e3) Importer(815301076,1909f56bfc062723c751e8b465ee728b)  -> (artifact id: '9d1d751fba8eeda808124bd672cd4777') in 0.149644 seconds 
========================================================================
Received Import Request.
  Time since last request: 0.000053 seconds.
  path: Assets/LeanTween/Examples/Models/CameraShakeText.fbx
  artifactKey: Guid(f4d8d07c107904cdfb54156450f020f3) Importer(815301076,1909f56bfc062723c751e8b465ee728b)
Start importing Assets/LeanTween/Examples/Models/CameraShakeText.fbx using Guid(f4d8d07c107904cdfb54156450f020f3) Importer(815301076,1909f56bfc062723c751e8b465ee728b)  -> (artifact id: '7201b60499c79cc3260e72fc9e64e59f') in 0.048241 seconds 
========================================================================
Received Import Request.
  Time since last request: 0.000050 seconds.
  path: Assets/LeanTween/Examples/Models/BasicExamplesText.fbx
  artifactKey: Guid(803bfbdea65eb4ebe96e481875403860) Importer(815301076,1909f56bfc062723c751e8b465ee728b)
Start importing Assets/LeanTween/Examples/Models/BasicExamplesText.fbx using Guid(803bfbdea65eb4ebe96e481875403860) Importer(815301076,1909f56bfc062723c751e8b465ee728b)  -> (artifact id: 'd9c76b0e8635761beb695364d0f18507') in 0.099853 seconds 
========================================================================
Received Prepare
Registering precompiled user dll's ...
Registered in 0.009929 seconds.
Begin MonoManager ReloadAssembly
* Assertion at C:\build\output\Unity-Technologies\mono\mono\mini\mini-generic-sharing.c:900, condition `oti' not met

Crash!!!
SymInit: Symbol-SearchPath: 'C:/Program Files/Unity 2021.2.0f1/Editor/Data/Mono;.;C:\Users\Yazan Qawasmeh\Documents\github\OpenSourceBowlingEndlessRunner\Bowling Endless Runner;C:\Users\Yazan Qawasmeh\Documents\github\OpenSourceBowlingEndlessRunner\Bowling Endless Runner\Library\BurstCache\JIT;C:\Program Files\Unity 2021.2.0f1\Editor;C:\WINDOWS;C:\WINDOWS\system32;SRV*C:\websymbols*http://msdl.microsoft.com/download/symbols;', symOptions: 534, UserName: 'Yazan Qawasmeh'
OS-Version: 10.0.0
C:\Program Files\Unity 2021.2.0f1\Editor\Unity.exe:Unity.exe (00007FF6140B0000), size: 72855552 (result: 0), SymType: '-deferred-', PDB: '', fileVersion: 2021.2.0.61932
C:\WINDOWS\SYSTEM32\ntdll.dll:ntdll.dll (00007FFAC7090000), size: 2060288 (result: 0), SymType: '-deferred-', PDB: '', fileVersion: 10.0.19041.1741
C:\WINDOWS\System32\KERNEL32.DLL:KERNEL32.DLL (00007FFAC6AF0000), size: 774144 (result: 0), SymType: '-deferred-', PDB: '', fileVersion: 10.0.19041.1741
C:\WINDOWS\System32\KERNELBASE.dll:KERNELBASE.dll (00007FFAC4A40000), size: 2936832 (result: 0), SymType: '-deferred-', PDB: '', fileVersion: 10.0.19041.1741
C:\WINDOWS\System32\CRYPT32.dll:CRYPT32.dll (00007FFAC4D10000), size: 1400832 (result: 0), SymType: '-deferred-', PDB: '', fileVersion: 10.0.19041.1320
C:\WINDOWS\System32\ucrtbase.dll:ucrtbase.dll (00007FFAC48B0000), size: 1048576 (result: 0), SymType: '-deferred-', PDB: '', fileVersion: 10.0.19041.789
C:\WINDOWS\System32\USER32.dll:USER32.dll (00007FFAC5280000), size: 1703936 (result: 0), SymType: '-deferred-', PDB: '', fileVersion: 10.0.19041.1503
C:\WINDOWS\System32\win32u.dll:win32u.dll (00007FFAC4850000), size: 139264 (result: 0), SymType: '-deferred-', PDB: '', fileVersion: 10.0.19041.1766
C:\Program Files\Unity 2021.2.0f1\Editor\libfbxsdk.dll:libfbxsdk.dll (00007FFA15870000), size: 10215424 (result: 0), SymType: '-deferred-', PDB: '', fileVersion: 2020.2.0.0
C:\Program Files\Unity 2021.2.0f1\Editor\optix.6.0.0.dll:optix.6.0.0.dll (00007FFA85240000), size: 208896 (result: 0), SymType: '-deferred-', PDB: '', fileVersion: 6.0.0.0
C:\Program Files\Unity 2021.2.0f1\Editor\s3tcompress.dll:s3tcompress.dll (00007FFA8E880000), size: 180224 (result: 0), SymType: '-deferred-', PDB: ''
C:\WINDOWS\System32\GDI32.dll:GDI32.dll (00007FFAC6BB0000), size: 172032 (result: 0), SymType: '-deferred-', PDB: '', fileVersion: 10.0.19041.1620
C:\WINDOWS\System32\gdi32full.dll:gdi32full.dll (00007FFAC4F90000), size: 1093632 (result: 0), SymType: '-deferred-', PDB: '', fileVersion: 10.0.19041.1706
C:\WINDOWS\System32\msvcp_win.dll:msvcp_win.dll (00007FFAC47B0000), size: 643072 (result: 0), SymType: '-deferred-', PDB: '', fileVersion: 10.0.19041.789
C:\WINDOWS\System32\ADVAPI32.dll:ADVAPI32.dll (00007FFAC63F0000), size: 712704 (result: 0), SymType: '-deferred-', PDB: '', fileVersion: 10.0.19041.1682
C:\WINDOWS\System32\msvcrt.dll:msvcrt.dll (00007FFAC5500000), size: 647168 (result: 0), SymType: '-deferred-', PDB: '', fileVersion: 7.0.19041.546
C:\Program Files\Unity 2021.2.0f1\Editor\etccompress.dll:etccompress.dll (00007FFA19490000), size: 5066752 (result: 0), SymType: '-deferred-', PDB: ''
C:\WINDOWS\System32\sechost.dll:sechost.dll (00007FFAC5960000), size: 638976 (result: 0), SymType: '-deferred-', PDB: '', fileVersion: 10.0.19041.1586
C:\WINDOWS\System32\RPCRT4.dll:RPCRT4.dll (00007FFAC55A0000), size: 1200128 (result: 0), SymType: '-deferred-', PDB: '', fileVersion: 10.0.19041.1706
C:\WINDOWS\System32\SHELL32.dll:SHELL32.dll (00007FFAC5A10000), size: 7618560 (result: 0), SymType: '-deferred-', PDB: '', fileVersion: 10.0.19041.1741
C:\WINDOWS\System32\SHLWAPI.dll:SHLWAPI.dll (00007FFAC6960000), size: 348160 (result: 0), SymType: '-deferred-', PDB: '', fileVersion: 10.0.19041.1706
C:\WINDOWS\System32\ole32.dll:ole32.dll (00007FFAC69C0000), size: 1220608 (result: 0), SymType: '-deferred-', PDB: '', fileVersion: 10.0.19041.1202
C:\WINDOWS\System32\combase.dll:combase.dll (00007FFAC6600000), size: 3489792 (result: 0), SymType: '-deferred-', PDB: '', fileVersion: 10.0.19041.1741
C:\WINDOWS\System32\IMM32.dll:IMM32.dll (00007FFAC50F0000), size: 196608 (result: 0), SymType: '-deferred-', PDB: '', fileVersion: 10.0.19041.546
C:\Program Files\Unity 2021.2.0f1\Editor\ispc_texcomp.dll:ispc_texcomp.dll (00007FFA59A10000), size: 1740800 (result: 0), SymType: '-deferred-', PDB: ''
C:\WINDOWS\System32\SETUPAPI.dll:SETUPAPI.dll (00007FFAC6BE0000), size: 4648960 (result: 0), SymType: '-deferred-', PDB: '', fileVersion: 10.0.19041.1741
C:\WINDOWS\System32\cfgmgr32.dll:cfgmgr32.dll (00007FFAC50A0000), size: 319488 (result: 0), SymType: '-deferred-', PDB: '', fileVersion: 10.0.19041.1620
C:\WINDOWS\System32\bcrypt.dll:bcrypt.dll (00007FFAC4880000), size: 159744 (result: 0), SymType: '-deferred-', PDB: '', fileVersion: 10.0.19041.1023
C:\WINDOWS\System32\WS2_32.dll:WS2_32.dll (00007FFAC62F0000), size: 438272 (result: 0), SymType: '-deferred-', PDB: '', fileVersion: 10.0.19041.546
C:\Program Files\Unity 2021.2.0f1\Editor\compress_bc7e.dll:compress_bc7e.dll (00007FFA598B0000), size: 1441792 (result: 0), SymType: '-deferred-', PDB: ''
C:\WINDOWS\System32\OLEAUT32.dll:OLEAUT32.dll (00007FFAC5190000), size: 839680 (result: 0), SymType: '-deferred-', PDB: '', fileVersion: 10.0.19041.985
C:\WINDOWS\System32\WINTRUST.dll:WINTRUST.dll (00007FFAC4F20000), size: 421888 (result: 0), SymType: '-deferred-', PDB: '', fileVersion: 10.0.19041.1741
C:\Program Files\Unity 2021.2.0f1\Editor\FreeImage.dll:FreeImage.dll (0000000180000000), size: 6582272 (result: 0), SymType: '-deferred-', PDB: '', fileVersion: 3.18.0.0
C:\Program Files\Unity 2021.2.0f1\Editor\OpenImageDenoise.dll:OpenImageDenoise.dll (00007FFA16B10000), size: 35123200 (result: 0), SymType: '-deferred-', PDB: '', fileVersion: 1.3.0.0
C:\Program Files\Unity 2021.2.0f1\Editor\WinPixEventRuntime.dll:WinPixEventRuntime.dll (00007FFAB9CB0000), size: 45056 (result: 0), SymType: '-deferred-', PDB: '', fileVersion: 1.0.1812.6001
C:\Program Files\Unity 2021.2.0f1\Editor\umbraoptimizer64.dll:umbraoptimizer64.dll (00007FFA233E0000), size: 1187840 (result: 0), SymType: '-deferred-', PDB: ''
C:\WINDOWS\SYSTEM32\GLU32.dll:GLU32.dll (00007FFAB9820000), size: 180224 (result: 0), SymType: '-deferred-', PDB: '', fileVersion: 10.0.19041.1741
C:\WINDOWS\SYSTEM32\OPENGL32.dll:OPENGL32.dll (00007FFAAFC30000), size: 1204224 (result: 0), SymType: '-deferred-', PDB: '', fileVersion: 10.0.19041.1741
C:\WINDOWS\SYSTEM32\IPHLPAPI.DLL:IPHLPAPI.DLL (00007FFAC3C10000), size: 241664 (result: 0), SymType: '-deferred-', PDB: '', fileVersion: 10.0.19041.546
C:\WINDOWS\SYSTEM32\WINHTTP.dll:WINHTTP.dll (00007FFAB2A60000), size: 1089536 (result: 0), SymType: '-deferred-', PDB: '', fileVersion: 10.0.19041.1682
C:\WINDOWS\SYSTEM32\WINMM.dll:WINMM.dll (00007FFAB8A30000), size: 159744 (result: 0), SymType: '-deferred-', PDB: '', fileVersion: 10.0.19041.546
C:\WINDOWS\SYSTEM32\HID.DLL:HID.DLL (00007FFAC3010000), size: 53248 (result: 0), SymType: '-deferred-', PDB: '', fileVersion: 10.0.19041.546
C:\WINDOWS\SYSTEM32\dwmapi.dll:dwmapi.dll (00007FFAC2060000), size: 192512 (result: 0), SymType: '-deferred-', PDB: '', fileVersion: 10.0.19041.746
C:\Program Files\Unity 2021.2.0f1\Editor\RadeonImageFilters.dll:RadeonImageFilters.dll (00007FFA191B0000), size: 2961408 (result: 0), SymType: '-deferred-', PDB: '', fileVersion: 1.7.0.0
C:\Program Files\Unity 2021.2.0f1\Editor\SketchUpAPI.dll:SketchUpAPI.dll (00007FFA16230000), size: 9306112 (result: 0), SymType: '-deferred-', PDB: '', fileVersion: 20.2.172.0
C:\WINDOWS\SYSTEM32\VERSION.dll:VERSION.dll (00007FFABC360000), size: 40960 (result: 0), SymType: '-deferred-', PDB: '', fileVersion: 10.0.19041.546
C:\WINDOWS\SYSTEM32\WSOCK32.dll:WSOCK32.dll (00007FFAB7890000), size: 36864 (result: 0), SymType: '-deferred-', PDB: '', fileVersion: 10.0.19041.1
C:\Program Files\Unity 2021.2.0f1\Editor\tbb12.dll:tbb12.dll (00007FFA67FE0000), size: 389120 (result: 0), SymType: '-deferred-', PDB: ''
C:\WINDOWS\SYSTEM32\VCRUNTIME140.dll:VCRUNTIME140.dll (00007FFA9CBB0000), size: 110592 (result: 0), SymType: '-deferred-', PDB: '', fileVersion: 14.29.30139.0
C:\WINDOWS\SYSTEM32\MSVCP140.dll:MSVCP140.dll (00007FFA9A3C0000), size: 577536 (result: 0), SymType: '-deferred-', PDB: '', fileVersion: 14.29.30139.0
C:\WINDOWS\SYSTEM32\Secur32.dll:Secur32.dll (00007FFA93260000), size: 49152 (result: 0), SymType: '-deferred-', PDB: '', fileVersion: 10.0.19041.546
C:\Program Files\Unity 2021.2.0f1\Editor\SketchUpCommonPreferences.dll:SketchUpCommonPreferences.dll (00007FFA67F60000), size: 479232 (result: 0), SymType: '-deferred-', PDB: '', fileVersion: 20.2.172.37
C:\Program Files\Unity 2021.2.0f1\Editor\RadeonML.dll:RadeonML.dll (00007FFA77B80000), size: 94208 (result: 0), SymType: '-deferred-', PDB: '', fileVersion: 0.9.11.0
C:\WINDOWS\SYSTEM32\VCRUNTIME140_1.dll:VCRUNTIME140_1.dll (00007FFA9CBA0000), size: 49152 (result: 0), SymType: '-deferred-', PDB: '', fileVersion: 14.29.30139.0
C:\WINDOWS\SYSTEM32\SSPICLI.DLL:SSPICLI.DLL (00007FFAC46A0000), size: 204800 (result: 0), SymType: '-deferred-', PDB: '', fileVersion: 10.0.19041.1586
C:\Program Files\Unity 2021.2.0f1\Editor\OpenRL.dll:OpenRL.dll (000001308A360000), size: 12779520 (result: 0), SymType: '-deferred-', PDB: '', fileVersion: 1.5.0.2907
C:\WINDOWS\SYSTEM32\MSVCP100.dll:MSVCP100.dll (000000005E790000), size: 622592 (result: 0), SymType: '-deferred-', PDB: '', fileVersion: 10.0.40219.325
C:\WINDOWS\SYSTEM32\MSVCR100.dll:MSVCR100.dll (000000005DCD0000), size: 860160 (result: 0), SymType: '-deferred-', PDB: '', fileVersion: 10.0.40219.325
C:\Program Files\Unity 2021.2.0f1\Editor\embree.dll:embree.dll (00007FFA14880000), size: 16711680 (result: 0), SymType: '-deferred-', PDB: '', fileVersion: 2.14.0.0
C:\Program Files\Unity 2021.2.0f1\Editor\tbb.dll:tbb.dll (00007FFA60580000), size: 413696 (result: 0), SymType: '-deferred-', PDB: '', fileVersion: 2017.0.2016.1004
C:\WINDOWS\SYSTEM32\MSVCP120.dll:MSVCP120.dll (00007FFA578B0000), size: 679936 (result: 0), SymType: '-deferred-', PDB: '', fileVersion: 12.0.40660.0
C:\WINDOWS\SYSTEM32\MSVCR120.dll:MSVCR120.dll (00007FFA232F0000), size: 978944 (result: 0), SymType: '-deferred-', PDB: '', fileVersion: 12.0.40660.0
C:\WINDOWS\SYSTEM32\MSWSOCK.DLL:MSWSOCK.DLL (00007FFAC3F70000), size: 434176 (result: 0), SymType: '-deferred-', PDB: '', fileVersion: 10.0.19041.546
C:\Program Files\Unity 2021.2.0f1\Editor\OpenRL_pthread.dll:OpenRL_pthread.dll (000001308AFB0000), size: 61440 (result: 0), SymType: '-deferred-', PDB: '', fileVersion: 2.9.0.0
C:\Program Files\Unity 2021.2.0f1\Editor\tbbmalloc.dll:tbbmalloc.dll (00007FFA5BE60000), size: 372736 (result: 0), SymType: '-deferred-', PDB: '', fileVersion: 2017.0.2016.1004
C:\WINDOWS\SYSTEM32\MSASN1.dll:MSASN1.dll (00007FFAC43A0000), size: 73728 (result: 0), SymType: '-deferred-', PDB: '', fileVersion: 10.0.19041.546
C:\WINDOWS\SYSTEM32\kernel.appcore.dll:kernel.appcore.dll (00007FFAC3020000), size: 73728 (result: 0), SymType: '-deferred-', PDB: '', fileVersion: 10.0.19041.546
C:\WINDOWS\System32\bcryptPrimitives.dll:bcryptPrimitives.dll (00007FFAC49B0000), size: 532480 (result: 0), SymType: '-deferred-', PDB: '', fileVersion: 10.0.19041.1415
C:\WINDOWS\system32\uxtheme.dll:uxtheme.dll (00007FFAC1D80000), size: 647168 (result: 0), SymType: '-deferred-', PDB: '', fileVersion: 10.0.19041.1620
C:\WINDOWS\System32\shcore.dll:shcore.dll (00007FFAC64A0000), size: 708608 (result: 0), SymType: '-deferred-', PDB: '', fileVersion: 10.0.19041.1741
C:\WINDOWS\SYSTEM32\windows.storage.dll:windows.storage.dll (00007FFAC2530000), size: 7946240 (result: 0), SymType: '-deferred-', PDB: '', fileVersion: 10.0.19041.1741
C:\WINDOWS\SYSTEM32\Wldp.dll:Wldp.dll (00007FFAC4210000), size: 180224 (result: 0), SymType: '-deferred-', PDB: '', fileVersion: 10.0.19041.1682
C:\WINDOWS\SYSTEM32\profapi.dll:profapi.dll (00007FFAC46F0000), size: 126976 (result: 0), SymType: '-deferred-', PDB: '', fileVersion: 10.0.19041.844
C:\WINDOWS\system32\IconCodecService.dll:IconCodecService.dll (00007FFABC4B0000), size: 36864 (result: 0), SymType: '-deferred-', PDB: '', fileVersion: 10.0.19041.1
C:\WINDOWS\SYSTEM32\WindowsCodecs.dll:WindowsCodecs.dll (00007FFABCE30000), size: 1785856 (result: 0), SymType: '-deferred-', PDB: '', fileVersion: 10.0.19041.1706
C:\WINDOWS\System32\clbcatq.dll:clbcatq.dll (00007FFAC6550000), size: 692224 (result: 0), SymType: '-deferred-', PDB: '', fileVersion: 2001.12.10941.16384
C:\WINDOWS\System32\netprofm.dll:netprofm.dll (00007FFABF110000), size: 253952 (result: 0), SymType: '-deferred-', PDB: '', fileVersion: 10.0.19041.906
C:\WINDOWS\System32\npmproxy.dll:npmproxy.dll (00007FFABA5D0000), size: 65536 (result: 0), SymType: '-deferred-', PDB: '', fileVersion: 10.0.19041.906
C:\WINDOWS\System32\NSI.dll:NSI.dll (00007FFAC5120000), size: 32768 (result: 0), SymType: '-deferred-', PDB: '', fileVersion: 10.0.19041.610
C:\WINDOWS\SYSTEM32\dhcpcsvc6.DLL:dhcpcsvc6.DLL (00007FFABA5E0000), size: 94208 (result: 0), SymType: '-deferred-', PDB: '', fileVersion: 10.0.19041.546
C:\WINDOWS\SYSTEM32\dhcpcsvc.DLL:dhcpcsvc.DLL (00007FFABA640000), size: 118784 (result: 0), SymType: '-deferred-', PDB: '', fileVersion: 10.0.19041.546
C:\WINDOWS\SYSTEM32\DNSAPI.dll:DNSAPI.dll (00007FFAC3C60000), size: 831488 (result: 0), SymType: '-deferred-', PDB: '', fileVersion: 10.0.19041.1620
C:\WINDOWS\System32\fwpuclnt.dll:fwpuclnt.dll (00007FFAA8350000), size: 524288 (result: 0), SymType: '-deferred-', PDB: '', fileVersion: 10.0.19041.1741
C:\Windows\System32\rasadhlp.dll:rasadhlp.dll (00007FFABC370000), size: 40960 (result: 0), SymType: '-deferred-', PDB: '', fileVersion: 10.0.19041.546
C:\Program Files\Unity 2021.2.0f1\Editor\NVUnityPlugin.DLL:NVUnityPlugin.DLL (00007FFA117A0000), size: 1523712 (result: 0), SymType: '-deferred-', PDB: ''
C:\WINDOWS\SYSTEM32\vulkan-1.dll:vulkan-1.dll (00007FFA11650000), size: 1335296 (result: 0), SymType: '-deferred-', PDB: '', fileVersion: 1.2.198.1
C:\WINDOWS\system32\dxgi.dll:dxgi.dll (00007FFAC3090000), size: 995328 (result: 0), SymType: '-deferred-', PDB: '', fileVersion: 10.0.19041.1741
C:\Program Files\Unity 2021.2.0f1\Editor\Data\Tools\astcenc-avx2.dll:astcenc-avx2.dll (00007FFA115C0000), size: 561152 (result: 0), SymType: '-deferred-', PDB: ''
C:\WINDOWS\SYSTEM32\d3d11.dll:d3d11.dll (00007FFAC0500000), size: 2502656 (result: 0), SymType: '-deferred-', PDB: '', fileVersion: 10.0.19041.1741
C:\WINDOWS\System32\DriverStore\FileRepository\nvlti.inf_amd64_4831581a4e5dfca0\nvldumdx.dll:nvldumdx.dll (00007FFA98F00000), size: 1073152 (result: 0), SymType: '-deferred-', PDB: '', fileVersion: 30.0.14.9676
C:\WINDOWS\SYSTEM32\cryptnet.dll:cryptnet.dll (00007FFABBFC0000), size: 200704 (result: 0), SymType: '-deferred-', PDB: '', fileVersion: 10.0.19041.906
C:\WINDOWS\SYSTEM32\drvstore.dll:drvstore.dll (00007FFAB9620000), size: 1343488 (result: 0), SymType: '-deferred-', PDB: '', fileVersion: 10.0.19041.1566
C:\WINDOWS\SYSTEM32\devobj.dll:devobj.dll (00007FFAC4560000), size: 180224 (result: 0), SymType: '-deferred-', PDB: '', fileVersion: 10.0.19041.1620
C:\WINDOWS\SYSTEM32\cryptbase.dll:cryptbase.dll (00007FFAC4180000), size: 49152 (result: 0), SymType: '-deferred-', PDB: '', fileVersion: 10.0.19041.546
C:\WINDOWS\System32\imagehlp.dll:imagehlp.dll (00007FFAC5260000), size: 118784 (result: 0), SymType: '-deferred-', PDB: '', fileVersion: 10.0.19041.1415
C:\WINDOWS\SYSTEM32\CRYPTSP.dll:CRYPTSP.dll (00007FFAC4160000), size: 98304 (result: 0), SymType: '-deferred-', PDB: '', fileVersion: 10.0.19041.546
C:\WINDOWS\system32\rsaenh.dll:rsaenh.dll (00007FFAC3880000), size: 212992 (result: 0), SymType: '-deferred-', PDB: '', fileVersion: 10.0.19041.1052
C:\WINDOWS\System32\DriverStore\FileRepository\nvlti.inf_amd64_4831581a4e5dfca0\nvwgf2umx.dll:nvwgf2umx.dll (00007FFA75250000), size: 43163648 (result: 0), SymType: '-deferred-', PDB: '', fileVersion: 30.0.14.9676
C:\WINDOWS\system32\nvspcap64.dll:nvspcap64.dll (00007FFA81CD0000), size: 2912256 (result: 0), SymType: '-deferred-', PDB: '', fileVersion: 3.24.0.135
C:\WINDOWS\SYSTEM32\ntmarta.dll:ntmarta.dll (00007FFAC3490000), size: 208896 (result: 0), SymType: '-deferred-', PDB: '', fileVersion: 10.0.19041.546
C:\WINDOWS\SYSTEM32\dxcore.dll:dxcore.dll (00007FFAB9E40000), size: 241664 (result: 0), SymType: '-deferred-', PDB: '', fileVersion: 10.0.19041.546
C:\WINDOWS\system32\wbem\wbemprox.dll:wbemprox.dll (00007FFAB9E00000), size: 69632 (result: 0), SymType: '-deferred-', PDB: '', fileVersion: 10.0.19041.1320
C:\WINDOWS\SYSTEM32\wbemcomn.dll:wbemcomn.dll (00007FFAB2680000), size: 589824 (result: 0), SymType: '-deferred-', PDB: '', fileVersion: 10.0.19041.1566
C:\WINDOWS\system32\wbem\wbemsvc.dll:wbemsvc.dll (00007FFAB01A0000), size: 81920 (result: 0), SymType: '-deferred-', PDB: '', fileVersion: 10.0.19041.1320
C:\WINDOWS\system32\wbem\fastprox.dll:fastprox.dll (00007FFAB01F0000), size: 1093632 (result: 0), SymType: '-deferred-', PDB: '', fileVersion: 10.0.19041.546
C:\WINDOWS\SYSTEM32\amsi.dll:amsi.dll (00007FFAABE90000), size: 131072 (result: 0), SymType: '-deferred-', PDB: '', fileVersion: 10.0.19041.1620
C:\WINDOWS\SYSTEM32\USERENV.dll:USERENV.dll (00007FFAC4670000), size: 188416 (result: 0), SymType: '-deferred-', PDB: '', fileVersion: 10.0.19041.572
C:\ProgramData\Microsoft\Windows Defender\Platform\4.18.2205.7-0\MpOav.dll:MpOav.dll (00007FFAABD50000), size: 503808 (result: 0), SymType: '-deferred-', PDB: '', fileVersion: 4.18.2205.7
C:\Program Files\Unity 2021.2.0f1\Editor\cudart64_90.dll:cudart64_90.dll (00007FFA68040000), size: 397312 (result: 0), SymType: '-deferred-', PDB: '', fileVersion: 6.14.11.9000
C:\WINDOWS\SYSTEM32\opencl.dll:opencl.dll (00007FFA11340000), size: 1474560 (result: 0), SymType: '-deferred-', PDB: '', fileVersion: 3.0.1.0
C:\Program Files\Unity 2021.2.0f1\Editor\radeonrays.dll:radeonrays.dll (00007FFA45A70000), size: 557056 (result: 0), SymType: '-deferred-', PDB: ''
C:\Program Files\Unity 2021.2.0f1\Editor\Data\MonoBleedingEdge\EmbedRuntime\mono-2.0-bdwgc.dll:mono-2.0-bdwgc.dll (00007FFA10270000), size: 11173888 (result: 0), SymType: '-deferred-', PDB: ''
C:\Users\Yazan Qawasmeh\Documents\github\OpenSourceBowlingEndlessRunner\Bowling Endless Runner\Library\PackageCache\com.unity.burst@1.6.0\.Runtime\burst-llvm-11.dll:burst-llvm-11.dll (00007FFA01950000), size: 38744064 (result: 0), SymType: '-deferred-', PDB: ''
C:\WINDOWS\SYSTEM32\PROPSYS.dll:PROPSYS.dll (00007FFABFED0000), size: 1007616 (result: 0), SymType: '-deferred-', PDB: '', fileVersion: 7.0.19041.1741
C:\WINDOWS\WinSxS\amd64_microsoft.windows.common-controls_6595b64144ccf1df_6.0.19041.1110_none_60b5254171f9507e\comctl32.dll:comctl32.dll (00007FFAB2200000), size: 2727936 (result: 0), SymType: '-deferred-', PDB: '', fileVersion: 6.10.19041.1110
C:\Windows\System32\MrmCoreR.dll:MrmCoreR.dll (00007FFAB94E0000), size: 999424 (result: 0), SymType: '-deferred-', PDB: '', fileVersion: 10.0.19041.1566
C:\Windows\System32\iertutil.dll:iertutil.dll (00007FFAB75B0000), size: 2822144 (result: 0), SymType: '-deferred-', PDB: '', fileVersion: 11.0.19041.1741
C:\WINDOWS\SYSTEM32\windows.staterepositorycore.dll:windows.staterepositorycore.dll (00007FFAB27D0000), size: 69632 (result: 0), SymType: '-deferred-', PDB: '', fileVersion: 10.0.19041.1466
C:\Windows\System32\thumbcache.dll:thumbcache.dll (00007FFAAA430000), size: 417792 (result: 0), SymType: '-deferred-', PDB: '', fileVersion: 10.0.19041.1741
C:\Windows\System32\bcp47mrm.dll:bcp47mrm.dll (00007FFAB9CE0000), size: 184320 (result: 0), SymType: '-deferred-', PDB: '', fileVersion: 10.0.19041.1503
C:\Windows\System32\Windows.UI.dll:Windows.UI.dll (00007FFAB98F0000), size: 1314816 (result: 0), SymType: '-deferred-', PDB: '', fileVersion: 10.0.19041.746
C:\Windows\System32\InputHost.dll:InputHost.dll (00007FFAB9150000), size: 1384448 (result: 0), SymType: '-deferred-', PDB: '', fileVersion: 10.0.19041.1741
C:\Windows\System32\WindowManagementAPI.dll:WindowManagementAPI.dll (00007FFABD520000), size: 659456 (result: 0), SymType: '-deferred-', PDB: ''
C:\Windows\System32\TextInputFramework.dll:TextInputFramework.dll (00007FFAB93E0000), size: 1019904 (result: 0), SymType: '-deferred-', PDB: '', fileVersion: 10.0.19041.1741
C:\WINDOWS\SYSTEM32\wintypes.dll:wintypes.dll (00007FFAC03A0000), size: 1392640 (result: 0), SymType: '-deferred-', PDB: '', fileVersion: 10.0.19041.1682
C:\Windows\System32\CoreMessaging.dll:CoreMessaging.dll (00007FFAC1A60000), size: 991232 (result: 0), SymType: '-deferred-', PDB: '', fileVersion: 10.0.19041.746
C:\WINDOWS\SYSTEM32\twinapi.appcore.dll:twinapi.appcore.dll (00007FFABD320000), size: 2097152 (result: 0), SymType: '-deferred-', PDB: '', fileVersion: 10.0.19041.1741
C:\Windows\System32\CoreUIComponents.dll:CoreUIComponents.dll (00007FFAC1700000), size: 3530752 (result: 0), SymType: '-deferred-', PDB: '', fileVersion: 10.0.19041.546
C:\WINDOWS\WinSxS\amd64_microsoft.windows.gdiplus_6595b64144ccf1df_1.1.19041.1706_none_919e8e54cc8d4ca1\gdiplus.dll:gdiplus.dll (00007FFAA9120000), size: 1724416 (result: 0), SymType: '-deferred-', PDB: '', fileVersion: 10.0.19041.1706
C:\WINDOWS\System32\MSCTF.dll:MSCTF.dll (00007FFAC61D0000), size: 1134592 (result: 0), SymType: '-deferred-', PDB: '', fileVersion: 10.0.19041.1741
C:\WINDOWS\SYSTEM32\edputil.dll:edputil.dll (00007FFAB4C20000), size: 147456 (result: 0), SymType: '-deferred-', PDB: '', fileVersion: 10.0.19041.546
C:\Windows\System32\Windows.StateRepositoryPS.dll:Windows.StateRepositoryPS.dll (00007FFAA8890000), size: 1335296 (result: 0), SymType: '-deferred-', PDB: '', fileVersion: 10.0.19041.1466
C:\WINDOWS\SYSTEM32\policymanager.dll:policymanager.dll (00007FFABFC70000), size: 655360 (result: 0), SymType: '-deferred-', PDB: '', fileVersion: 10.0.19041.1741
C:\WINDOWS\SYSTEM32\msvcp110_win.dll:msvcp110_win.dll (00007FFAC3910000), size: 565248 (result: 0), SymType: '-deferred-', PDB: '', fileVersion: 10.0.19041.546
C:\WINDOWS\SYSTEM32\dbghelp.dll:dbghelp.dll (00007FFAC2E00000), size: 1982464 (result: 0), SymType: '-deferred-', PDB: '', fileVersion: 10.0.19041.867

========== OUTPUTTING STACK TRACE ==================

0x00007FFAC4A74FD9 (KERNELBASE) RaiseException
0x00007FFA102E064C (mono-2.0-bdwgc) [C:\build\output\Unity-Technologies\mono\mono\utils\mono-log-common.c:143] mono_log_write_logfile 
0x00007FFA102CC4A2 (mono-2.0-bdwgc) [C:\build\output\Unity-Technologies\mono\mono\eglib\goutput.c:172] monoeg_g_logv_nofree 
0x00007FFA102CC57C (mono-2.0-bdwgc) [C:\build\output\Unity-Technologies\mono\mono\eglib\goutput.c:215] monoeg_assertion_message 
0x00007FFA102CC5C9 (mono-2.0-bdwgc) [C:\build\output\Unity-Technologies\mono\mono\eglib\goutput.c:231] mono_assertion_message 
0x00007FFA105F0035 (mono-2.0-bdwgc) [C:\build\output\Unity-Technologies\mono\mono\mini\mini-generic-sharing.c:3019] fill_runtime_generic_context 
0x00007FFA105F0149 (mono-2.0-bdwgc) [C:\build\output\Unity-Technologies\mono\mono\mini\mini-generic-sharing.c:3089] mono_class_fill_runtime_generic_context 
0x00007FFA105E0687 (mono-2.0-bdwgc) [C:\build\output\Unity-Technologies\mono\mono\mini\mini-trampolines.c:1018] mono_rgctx_lazy_fetch_trampoline 
SymInit: Symbol-SearchPath: 'C:/Program Files/Unity 2021.2.0f1/Editor/Data/Mono;.;C:\Users\Yazan Qawasmeh\Documents\github\OpenSourceBowlingEndlessRunner\Bowling Endless Runner;C:\Users\Yazan Qawasmeh\Documents\github\OpenSourceBowlingEndlessRunner\Bowling Endless Runner\Library\BurstCache\JIT;C:\Program Files\Unity 2021.2.0f1\Editor;C:\WINDOWS;C:\WINDOWS\system32;SRV*C:\websymbols*http://msdl.microsoft.com/download/symbols;', symOptions: 534, UserName: 'Yazan Qawasmeh'
OS-Version: 10.0.0
C:\Program Files\Unity 2021.2.0f1\Editor\Unity.exe:Unity.exe (00007FF6140B0000), size: 72855552 (result: 0), SymType: 'PDB', PDB: 'C:\Program Files\Unity 2021.2.0f1\Editor\Unity_x64.pdb', fileVersion: 2021.2.0.61932
C:\WINDOWS\SYSTEM32\ntdll.dll:ntdll.dll (00007FFAC7090000), size: 2060288 (result: 0), SymType: '-exported-', PDB: 'C:\WINDOWS\SYSTEM32\ntdll.dll', fileVersion: 10.0.19041.1741
C:\WINDOWS\System32\KERNEL32.DLL:KERNEL32.DLL (00007FFAC6AF0000), size: 774144 (result: 0), SymType: '-exported-', PDB: 'C:\WINDOWS\System32\KERNEL32.DLL', fileVersion: 10.0.19041.1741
C:\WINDOWS\System32\KERNELBASE.dll:KERNELBASE.dll (00007FFAC4A40000), size: 2936832 (result: 0), SymType: '-exported-', PDB: 'C:\WINDOWS\System32\KERNELBASE.dll', fileVersion: 10.0.19041.1741
C:\WINDOWS\System32\CRYPT32.dll:CRYPT32.dll (00007FFAC4D10000), size: 1400832 (result: 0), SymType: '-exported-', PDB: 'C:\WINDOWS\System32\CRYPT32.dll', fileVersion: 10.0.19041.1320
C:\WINDOWS\System32\ucrtbase.dll:ucrtbase.dll (00007FFAC48B0000), size: 1048576 (result: 0), SymType: '-exported-', PDB: 'C:\WINDOWS\System32\ucrtbase.dll', fileVersion: 10.0.19041.789
C:\WINDOWS\System32\USER32.dll:USER32.dll (00007FFAC5280000), size: 1703936 (result: 0), SymType: '-exported-', PDB: 'C:\WINDOWS\System32\USER32.dll', fileVersion: 10.0.19041.1503
C:\WINDOWS\System32\win32u.dll:win32u.dll (00007FFAC4850000), size: 139264 (result: 0), SymType: '-exported-', PDB: 'C:\WINDOWS\System32\win32u.dll', fileVersion: 10.0.19041.1766
C:\Program Files\Unity 2021.2.0f1\Editor\libfbxsdk.dll:libfbxsdk.dll (00007FFA15870000), size: 10215424 (result: 0), SymType: '-exported-', PDB: 'C:\Program Files\Unity 2021.2.0f1\Editor\libfbxsdk.dll', fileVersion: 2020.2.0.0
C:\Program Files\Unity 2021.2.0f1\Editor\optix.6.0.0.dll:optix.6.0.0.dll (00007FFA85240000), size: 208896 (result: 0), SymType: '-exported-', PDB: 'C:\Program Files\Unity 2021.2.0f1\Editor\optix.6.0.0.dll', fileVersion: 6.0.0.0
C:\Program Files\Unity 2021.2.0f1\Editor\s3tcompress.dll:s3tcompress.dll (00007FFA8E880000), size: 180224 (result: 0), SymType: '-exported-', PDB: 'C:\Program Files\Unity 2021.2.0f1\Editor\s3tcompress.dll'
C:\WINDOWS\System32\GDI32.dll:GDI32.dll (00007FFAC6BB0000), size: 172032 (result: 0), SymType: '-exported-', PDB: 'C:\WINDOWS\System32\GDI32.dll', fileVersion: 10.0.19041.1620
C:\WINDOWS\System32\gdi32full.dll:gdi32full.dll (00007FFAC4F90000), size: 1093632 (result: 0), SymType: '-exported-', PDB: 'C:\WINDOWS\System32\gdi32full.dll', fileVersion: 10.0.19041.1706
C:\WINDOWS\System32\msvcp_win.dll:msvcp_win.dll (00007FFAC47B0000), size: 643072 (result: 0), SymType: '-exported-', PDB: 'C:\WINDOWS\System32\msvcp_win.dll', fileVersion: 10.0.19041.789
C:\WINDOWS\System32\ADVAPI32.dll:ADVAPI32.dll (00007FFAC63F0000), size: 712704 (result: 0), SymType: '-exported-', PDB: 'C:\WINDOWS\System32\ADVAPI32.dll', fileVersion: 10.0.19041.1682
C:\WINDOWS\System32\msvcrt.dll:msvcrt.dll (00007FFAC5500000), size: 647168 (result: 0), SymType: '-exported-', PDB: 'C:\WINDOWS\System32\msvcrt.dll', fileVersion: 7.0.19041.546
C:\Program Files\Unity 2021.2.0f1\Editor\etccompress.dll:etccompress.dll (00007FFA19490000), size: 5066752 (result: 0), SymType: '-exported-', PDB: 'C:\Program Files\Unity 2021.2.0f1\Editor\etccompress.dll'
C:\WINDOWS\System32\sechost.dll:sechost.dll (00007FFAC5960000), size: 638976 (result: 0), SymType: '-exported-', PDB: 'C:\WINDOWS\System32\sechost.dll', fileVersion: 10.0.19041.1586
C:\WINDOWS\System32\RPCRT4.dll:RPCRT4.dll (00007FFAC55A0000), size: 1200128 (result: 0), SymType: '-exported-', PDB: 'C:\WINDOWS\System32\RPCRT4.dll', fileVersion: 10.0.19041.1706
C:\WINDOWS\System32\SHELL32.dll:SHELL32.dll (00007FFAC5A10000), size: 7618560 (result: 0), SymType: '-exported-', PDB: 'C:\WINDOWS\System32\SHELL32.dll', fileVersion: 10.0.19041.1741
C:\WINDOWS\System32\SHLWAPI.dll:SHLWAPI.dll (00007FFAC6960000), size: 348160 (result: 0), SymType: '-exported-', PDB: 'C:\WINDOWS\System32\SHLWAPI.dll', fileVersion: 10.0.19041.1706
C:\WINDOWS\System32\ole32.dll:ole32.dll (00007FFAC69C0000), size: 1220608 (result: 0), SymType: '-exported-', PDB: 'C:\WINDOWS\System32\ole32.dll', fileVersion: 10.0.19041.1202
C:\WINDOWS\System32\combase.dll:combase.dll (00007FFAC6600000), size: 3489792 (result: 0), SymType: '-exported-', PDB: 'C:\WINDOWS\System32\combase.dll', fileVersion: 10.0.19041.1741
C:\WINDOWS\System32\IMM32.dll:IMM32.dll (00007FFAC50F0000), size: 196608 (result: 0), SymType: '-exported-', PDB: 'C:\WINDOWS\System32\IMM32.dll', fileVersion: 10.0.19041.546
C:\Program Files\Unity 2021.2.0f1\Editor\ispc_texcomp.dll:ispc_texcomp.dll (00007FFA59A10000), size: 1740800 (result: 0), SymType: '-exported-', PDB: 'C:\Program Files\Unity 2021.2.0f1\Editor\ispc_texcomp.dll'
C:\WINDOWS\System32\SETUPAPI.dll:SETUPAPI.dll (00007FFAC6BE0000), size: 4648960 (result: 0), SymType: '-exported-', PDB: 'C:\WINDOWS\System32\SETUPAPI.dll', fileVersion: 10.0.19041.1741
C:\WINDOWS\System32\cfgmgr32.dll:cfgmgr32.dll (00007FFAC50A0000), size: 319488 (result: 0), SymType: '-exported-', PDB: 'C:\WINDOWS\System32\cfgmgr32.dll', fileVersion: 10.0.19041.1620
C:\WINDOWS\System32\bcrypt.dll:bcrypt.dll (00007FFAC4880000), size: 159744 (result: 0), SymType: '-exported-', PDB: 'C:\WINDOWS\System32\bcrypt.dll', fileVersion: 10.0.19041.1023
C:\WINDOWS\System32\WS2_32.dll:WS2_32.dll (00007FFAC62F0000), size: 438272 (result: 0), SymType: '-exported-', PDB: 'C:\WINDOWS\System32\WS2_32.dll', fileVersion: 10.0.19041.546
C:\Program Files\Unity 2021.2.0f1\Editor\compress_bc7e.dll:compress_bc7e.dll (00007FFA598B0000), size: 1441792 (result: 0), SymType: '-exported-', PDB: 'C:\Program Files\Unity 2021.2.0f1\Editor\compress_bc7e.dll'
C:\WINDOWS\System32\OLEAUT32.dll:OLEAUT32.dll (00007FFAC5190000), size: 839680 (result: 0), SymType: '-exported-', PDB: 'C:\WINDOWS\System32\OLEAUT32.dll', fileVersion: 10.0.19041.985
C:\WINDOWS\System32\WINTRUST.dll:WINTRUST.dll (00007FFAC4F20000), size: 421888 (result: 0), SymType: '-exported-', PDB: 'C:\WINDOWS\System32\WINTRUST.dll', fileVersion: 10.0.19041.1741
C:\Program Files\Unity 2021.2.0f1\Editor\FreeImage.dll:FreeImage.dll (0000000180000000), size: 6582272 (result: 0), SymType: '-exported-', PDB: 'C:\Program Files\Unity 2021.2.0f1\Editor\FreeImage.dll', fileVersion: 3.18.0.0
C:\Program Files\Unity 2021.2.0f1\Editor\OpenImageDenoise.dll:OpenImageDenoise.dll (00007FFA16B10000), size: 35123200 (result: 0), SymType: '-exported-', PDB: 'C:\Program Files\Unity 2021.2.0f1\Editor\OpenImageDenoise.dll', fileVersion: 1.3.0.0
C:\Program Files\Unity 2021.2.0f1\Editor\WinPixEventRuntime.dll:WinPixEventRuntime.dll (00007FFAB9CB0000), size: 45056 (result: 0), SymType: '-exported-', PDB: 'C:\Program Files\Unity 2021.2.0f1\Editor\WinPixEventRuntime.dll', fileVersion: 1.0.1812.6001
C:\Program Files\Unity 2021.2.0f1\Editor\umbraoptimizer64.dll:umbraoptimizer64.dll (00007FFA233E0000), size: 1187840 (result: 0), SymType: '-exported-', PDB: 'C:\Program Files\Unity 2021.2.0f1\Editor\umbraoptimizer64.dll'
C:\WINDOWS\SYSTEM32\GLU32.dll:GLU32.dll (00007FFAB9820000), size: 180224 (result: 0), SymType: '-exported-', PDB: 'C:\WINDOWS\SYSTEM32\GLU32.dll', fileVersion: 10.0.19041.1741
C:\WINDOWS\SYSTEM32\OPENGL32.dll:OPENGL32.dll (00007FFAAFC30000), size: 1204224 (result: 0), SymType: '-exported-', PDB: 'C:\WINDOWS\SYSTEM32\OPENGL32.dll', fileVersion: 10.0.19041.1741
C:\WINDOWS\SYSTEM32\IPHLPAPI.DLL:IPHLPAPI.DLL (00007FFAC3C10000), size: 241664 (result: 0), SymType: '-exported-', PDB: 'C:\WINDOWS\SYSTEM32\IPHLPAPI.DLL', fileVersion: 10.0.19041.546
C:\WINDOWS\SYSTEM32\WINHTTP.dll:WINHTTP.dll (00007FFAB2A60000), size: 1089536 (result: 0), SymType: '-exported-', PDB: 'C:\WINDOWS\SYSTEM32\WINHTTP.dll', fileVersion: 10.0.19041.1682
C:\WINDOWS\SYSTEM32\WINMM.dll:WINMM.dll (00007FFAB8A30000), size: 159744 (result: 0), SymType: '-exported-', PDB: 'C:\WINDOWS\SYSTEM32\WINMM.dll', fileVersion: 10.0.19041.546
C:\WINDOWS\SYSTEM32\HID.DLL:HID.DLL (00007FFAC3010000), size: 53248 (result: 0), SymType: '-exported-', PDB: 'C:\WINDOWS\SYSTEM32\HID.DLL', fileVersion: 10.0.19041.546
C:\WINDOWS\SYSTEM32\dwmapi.dll:dwmapi.dll (00007FFAC2060000), size: 192512 (result: 0), SymType: '-exported-', PDB: 'C:\WINDOWS\SYSTEM32\dwmapi.dll', fileVersion: 10.0.19041.746
C:\Program Files\Unity 2021.2.0f1\Editor\RadeonImageFilters.dll:RadeonImageFilters.dll (00007FFA191B0000), size: 2961408 (result: 0), SymType: '-exported-', PDB: 'C:\Program Files\Unity 2021.2.0f1\Editor\RadeonImageFilters.dll', fileVersion: 1.7.0.0
C:\Program Files\Unity 2021.2.0f1\Editor\SketchUpAPI.dll:SketchUpAPI.dll (00007FFA16230000), size: 9306112 (result: 0), SymType: '-exported-', PDB: 'C:\Program Files\Unity 2021.2.0f1\Editor\SketchUpAPI.dll', fileVersion: 20.2.172.0
C:\WINDOWS\SYSTEM32\VERSION.dll:VERSION.dll (00007FFABC360000), size: 40960 (result: 0), SymType: '-exported-', PDB: 'C:\WINDOWS\SYSTEM32\VERSION.dll', fileVersion: 10.0.19041.546
C:\WINDOWS\SYSTEM32\WSOCK32.dll:WSOCK32.dll (00007FFAB7890000), size: 36864 (result: 0), SymType: '-exported-', PDB: 'C:\WINDOWS\SYSTEM32\WSOCK32.dll', fileVersion: 10.0.19041.1
C:\Program Files\Unity 2021.2.0f1\Editor\tbb12.dll:tbb12.dll (00007FFA67FE0000), size: 389120 (result: 0), SymType: '-exported-', PDB: 'C:\Program Files\Unity 2021.2.0f1\Editor\tbb12.dll'
C:\WINDOWS\SYSTEM32\VCRUNTIME140.dll:VCRUNTIME140.dll (00007FFA9CBB0000), size: 110592 (result: 0), SymType: '-exported-', PDB: 'C:\WINDOWS\SYSTEM32\VCRUNTIME140.dll', fileVersion: 14.29.30139.0
C:\WINDOWS\SYSTEM32\MSVCP140.dll:MSVCP140.dll (00007FFA9A3C0000), size: 577536 (result: 0), SymType: '-exported-', PDB: 'C:\WINDOWS\SYSTEM32\MSVCP140.dll', fileVersion: 14.29.30139.0
C:\WINDOWS\SYSTEM32\Secur32.dll:Secur32.dll (00007FFA93260000), size: 49152 (result: 0), SymType: '-exported-', PDB: 'C:\WINDOWS\SYSTEM32\Secur32.dll', fileVersion: 10.0.19041.546
C:\Program Files\Unity 2021.2.0f1\Editor\SketchUpCommonPreferences.dll:SketchUpCommonPreferences.dll (00007FFA67F60000), size: 479232 (result: 0), SymType: '-exported-', PDB: 'C:\Program Files\Unity 2021.2.0f1\Editor\SketchUpCommonPreferences.dll', fileVersion: 20.2.172.37
C:\Program Files\Unity 2021.2.0f1\Editor\RadeonML.dll:RadeonML.dll (00007FFA77B80000), size: 94208 (result: 0), SymType: '-exported-', PDB: 'C:\Program Files\Unity 2021.2.0f1\Editor\RadeonML.dll', fileVersion: 0.9.11.0
C:\WINDOWS\SYSTEM32\VCRUNTIME140_1.dll:VCRUNTIME140_1.dll (00007FFA9CBA0000), size: 49152 (result: 0), SymType: '-exported-', PDB: 'C:\WINDOWS\SYSTEM32\VCRUNTIME140_1.dll', fileVersion: 14.29.30139.0
C:\WINDOWS\SYSTEM32\SSPICLI.DLL:SSPICLI.DLL (00007FFAC46A0000), size: 204800 (result: 0), SymType: '-exported-', PDB: 'C:\WINDOWS\SYSTEM32\SSPICLI.DLL', fileVersion: 10.0.19041.1586
C:\Program Files\Unity 2021.2.0f1\Editor\OpenRL.dll:OpenRL.dll (000001308A360000), size: 12779520 (result: 0), SymType: '-exported-', PDB: 'C:\Program Files\Unity 2021.2.0f1\Editor\OpenRL.dll', fileVersion: 1.5.0.2907
C:\WINDOWS\SYSTEM32\MSVCP100.dll:MSVCP100.dll (000000005E790000), size: 622592 (result: 0), SymType: '-exported-', PDB: 'C:\WINDOWS\SYSTEM32\MSVCP100.dll', fileVersion: 10.0.40219.325
C:\WINDOWS\SYSTEM32\MSVCR100.dll:MSVCR100.dll (000000005DCD0000), size: 860160 (result: 0), SymType: '-exported-', PDB: 'C:\WINDOWS\SYSTEM32\MSVCR100.dll', fileVersion: 10.0.40219.325
C:\Program Files\Unity 2021.2.0f1\Editor\embree.dll:embree.dll (00007FFA14880000), size: 16711680 (result: 0), SymType: '-exported-', PDB: 'C:\Program Files\Unity 2021.2.0f1\Editor\embree.dll', fileVersion: 2.14.0.0
C:\Program Files\Unity 2021.2.0f1\Editor\tbb.dll:tbb.dll (00007FFA60580000), size: 413696 (result: 0), SymType: '-exported-', PDB: 'C:\Program Files\Unity 2021.2.0f1\Editor\tbb.dll', fileVersion: 2017.0.2016.1004
C:\WINDOWS\SYSTEM32\MSVCP120.dll:MSVCP120.dll (00007FFA578B0000), size: 679936 (result: 0), SymType: '-exported-', PDB: 'C:\WINDOWS\SYSTEM32\MSVCP120.dll', fileVersion: 12.0.40660.0
C:\WINDOWS\SYSTEM32\MSVCR120.dll:MSVCR120.dll (00007FFA232F0000), size: 978944 (result: 0), SymType: '-exported-', PDB: 'C:\WINDOWS\SYSTEM32\MSVCR120.dll', fileVersion: 12.0.40660.0
C:\WINDOWS\SYSTEM32\MSWSOCK.DLL:MSWSOCK.DLL (00007FFAC3F70000), size: 434176 (result: 0), SymType: '-exported-', PDB: 'C:\WINDOWS\SYSTEM32\MSWSOCK.DLL', fileVersion: 10.0.19041.546
C:\Program Files\Unity 2021.2.0f1\Editor\OpenRL_pthread.dll:OpenRL_pthread.dll (000001308AFB0000), size: 61440 (result: 0), SymType: '-exported-', PDB: 'C:\Program Files\Unity 2021.2.0f1\Editor\OpenRL_pthread.dll', fileVersion: 2.9.0.0
C:\Program Files\Unity 2021.2.0f1\Editor\tbbmalloc.dll:tbbmalloc.dll (00007FFA5BE60000), size: 372736 (result: 0), SymType: '-exported-', PDB: 'C:\Program Files\Unity 2021.2.0f1\Editor\tbbmalloc.dll', fileVersion: 2017.0.2016.1004
C:\WINDOWS\SYSTEM32\MSASN1.dll:MSASN1.dll (00007FFAC43A0000), size: 73728 (result: 0), SymType: '-exported-', PDB: 'C:\WINDOWS\SYSTEM32\MSASN1.dll', fileVersion: 10.0.19041.546
C:\WINDOWS\SYSTEM32\kernel.appcore.dll:kernel.appcore.dll (00007FFAC3020000), size: 73728 (result: 0), SymType: '-exported-', PDB: 'C:\WINDOWS\SYSTEM32\kernel.appcore.dll', fileVersion: 10.0.19041.546
C:\WINDOWS\System32\bcryptPrimitives.dll:bcryptPrimitives.dll (00007FFAC49B0000), size: 532480 (result: 0), SymType: '-exported-', PDB: 'C:\WINDOWS\System32\bcryptPrimitives.dll', fileVersion: 10.0.19041.1415
C:\WINDOWS\system32\uxtheme.dll:uxtheme.dll (00007FFAC1D80000), size: 647168 (result: 0), SymType: '-exported-', PDB: 'C:\WINDOWS\system32\uxtheme.dll', fileVersion: 10.0.19041.1620
C:\WINDOWS\System32\shcore.dll:shcore.dll (00007FFAC64A0000), size: 708608 (result: 0), SymType: '-exported-', PDB: 'C:\WINDOWS\System32\shcore.dll', fileVersion: 10.0.19041.1741
C:\WINDOWS\SYSTEM32\windows.storage.dll:windows.storage.dll (00007FFAC2530000), size: 7946240 (result: 0), SymType: '-exported-', PDB: 'C:\WINDOWS\SYSTEM32\windows.storage.dll', fileVersion: 10.0.19041.1741
C:\WINDOWS\SYSTEM32\Wldp.dll:Wldp.dll (00007FFAC4210000), size: 180224 (result: 0), SymType: '-exported-', PDB: 'C:\WINDOWS\SYSTEM32\Wldp.dll', fileVersion: 10.0.19041.1682
C:\WINDOWS\SYSTEM32\profapi.dll:profapi.dll (00007FFAC46F0000), size: 126976 (result: 0), SymType: '-nosymbols-', PDB: 'C:\WINDOWS\SYSTEM32\profapi.dll', fileVersion: 10.0.19041.844
C:\WINDOWS\system32\IconCodecService.dll:IconCodecService.dll (00007FFABC4B0000), size: 36864 (result: 0), SymType: '-nosymbols-', PDB: 'C:\WINDOWS\system32\IconCodecService.dll', fileVersion: 10.0.19041.1
C:\WINDOWS\SYSTEM32\WindowsCodecs.dll:WindowsCodecs.dll (00007FFABCE30000), size: 1785856 (result: 0), SymType: '-exported-', PDB: 'C:\WINDOWS\SYSTEM32\WindowsCodecs.dll', fileVersion: 10.0.19041.1706
C:\WINDOWS\System32\clbcatq.dll:clbcatq.dll (00007FFAC6550000), size: 692224 (result: 0), SymType: '-exported-', PDB: 'C:\WINDOWS\System32\clbcatq.dll', fileVersion: 2001.12.10941.16384
C:\WINDOWS\System32\netprofm.dll:netprofm.dll (00007FFABF110000), size: 253952 (result: 0), SymType: '-exported-', PDB: 'C:\WINDOWS\System32\netprofm.dll', fileVersion: 10.0.19041.906
C:\WINDOWS\System32\npmproxy.dll:npmproxy.dll (00007FFABA5D0000), size: 65536 (result: 0), SymType: '-exported-', PDB: 'C:\WINDOWS\System32\npmproxy.dll', fileVersion: 10.0.19041.906
C:\WINDOWS\System32\NSI.dll:NSI.dll (00007FFAC5120000), size: 32768 (result: 0), SymType: '-exported-', PDB: 'C:\WINDOWS\System32\NSI.dll', fileVersion: 10.0.19041.610
C:\WINDOWS\SYSTEM32\dhcpcsvc6.DLL:dhcpcsvc6.DLL (00007FFABA5E0000), size: 94208 (result: 0), SymType: '-exported-', PDB: 'C:\WINDOWS\SYSTEM32\dhcpcsvc6.DLL', fileVersion: 10.0.19041.546
C:\WINDOWS\SYSTEM32\dhcpcsvc.DLL:dhcpcsvc.DLL (00007FFABA640000), size: 118784 (result: 0), SymType: '-exported-', PDB: 'C:\WINDOWS\SYSTEM32\dhcpcsvc.DLL', fileVersion: 10.0.19041.546
C:\WINDOWS\SYSTEM32\DNSAPI.dll:DNSAPI.dll (00007FFAC3C60000), size: 831488 (result: 0), SymType: '-exported-', PDB: 'C:\WINDOWS\SYSTEM32\DNSAPI.dll', fileVersion: 10.0.19041.1620
C:\WINDOWS\System32\fwpuclnt.dll:fwpuclnt.dll (00007FFAA8350000), size: 524288 (result: 0), SymType: '-exported-', PDB: 'C:\WINDOWS\System32\fwpuclnt.dll', fileVersion: 10.0.19041.1741
C:\Windows\System32\rasadhlp.dll:rasadhlp.dll (00007FFABC370000), size: 40960 (result: 0), SymType: '-exported-', PDB: 'C:\Windows\System32\rasadhlp.dll', fileVersion: 10.0.19041.546
C:\Program Files\Unity 2021.2.0f1\Editor\NVUnityPlugin.DLL:NVUnityPlugin.DLL (00007FFA117A0000), size: 1523712 (result: 0), SymType: '-exported-', PDB: 'C:\Program Files\Unity 2021.2.0f1\Editor\NVUnityPlugin.DLL'
C:\WINDOWS\SYSTEM32\vulkan-1.dll:vulkan-1.dll (00007FFA11650000), size: 1335296 (result: 0), SymType: '-exported-', PDB: 'C:\WINDOWS\SYSTEM32\vulkan-1.dll', fileVersion: 1.2.198.1
C:\WINDOWS\system32\dxgi.dll:dxgi.dll (00007FFAC3090000), size: 995328 (result: 0), SymType: '-exported-', PDB: 'C:\WINDOWS\system32\dxgi.dll', fileVersion: 10.0.19041.1741
C:\Program Files\Unity 2021.2.0f1\Editor\Data\Tools\astcenc-avx2.dll:astcenc-avx2.dll (00007FFA115C0000), size: 561152 (result: 0), SymType: '-exported-', PDB: 'C:\Program Files\Unity 2021.2.0f1\Editor\Data\Tools\astcenc-avx2.dll'
C:\WINDOWS\SYSTEM32\d3d11.dll:d3d11.dll (00007FFAC0500000), size: 2502656 (result: 0), SymType: '-exported-', PDB: 'C:\WINDOWS\SYSTEM32\d3d11.dll', fileVersion: 10.0.19041.1741
C:\WINDOWS\System32\DriverStore\FileRepository\nvlti.inf_amd64_4831581a4e5dfca0\nvldumdx.dll:nvldumdx.dll (00007FFA98F00000), size: 1073152 (result: 0), SymType: '-exported-', PDB: 'C:\WINDOWS\System32\DriverStore\FileRepository\nvlti.inf_amd64_4831581a4e5dfca0\nvldumdx.dll', fileVersion: 30.0.14.9676
C:\WINDOWS\SYSTEM32\cryptnet.dll:cryptnet.dll (00007FFABBFC0000), size: 200704 (result: 0), SymType: '-exported-', PDB: 'C:\WINDOWS\SYSTEM32\cryptnet.dll', fileVersion: 10.0.19041.906
C:\WINDOWS\SYSTEM32\drvstore.dll:drvstore.dll (00007FFAB9620000), size: 1343488 (result: 0), SymType: '-exported-', PDB: 'C:\WINDOWS\SYSTEM32\drvstore.dll', fileVersion: 10.0.19041.1566
C:\WINDOWS\SYSTEM32\devobj.dll:devobj.dll (00007FFAC4560000), size: 180224 (result: 0), SymType: '-exported-', PDB: 'C:\WINDOWS\SYSTEM32\devobj.dll', fileVersion: 10.0.19041.1620
C:\WINDOWS\SYSTEM32\cryptbase.dll:cryptbase.dll (00007FFAC4180000), size: 49152 (result: 0), SymType: '-exported-', PDB: 'C:\WINDOWS\SYSTEM32\cryptbase.dll', fileVersion: 10.0.19041.546
C:\WINDOWS\System32\imagehlp.dll:imagehlp.dll (00007FFAC5260000), size: 118784 (result: 0), SymType: '-exported-', PDB: 'C:\WINDOWS\System32\imagehlp.dll', fileVersion: 10.0.19041.1415
C:\WINDOWS\SYSTEM32\CRYPTSP.dll:CRYPTSP.dll (00007FFAC4160000), size: 98304 (result: 0), SymType: '-exported-', PDB: 'C:\WINDOWS\SYSTEM32\CRYPTSP.dll', fileVersion: 10.0.19041.546
C:\WINDOWS\system32\rsaenh.dll:rsaenh.dll (00007FFAC3880000), size: 212992 (result: 0), SymType: '-exported-', PDB: 'C:\WINDOWS\system32\rsaenh.dll', fileVersion: 10.0.19041.1052
C:\WINDOWS\System32\DriverStore\FileRepository\nvlti.inf_amd64_4831581a4e5dfca0\nvwgf2umx.dll:nvwgf2umx.dll (00007FFA75250000), size: 43163648 (result: 0), SymType: '-exported-', PDB: 'C:\WINDOWS\System32\DriverStore\FileRepository\nvlti.inf_amd64_4831581a4e5dfca0\nvwgf2umx.dll', fileVersion: 30.0.14.9676
C:\WINDOWS\system32\nvspcap64.dll:nvspcap64.dll (00007FFA81CD0000), size: 2912256 (result: 0), SymType: '-exported-', PDB: 'C:\WINDOWS\system32\nvspcap64.dll', fileVersion: 3.24.0.135
C:\WINDOWS\SYSTEM32\ntmarta.dll:ntmarta.dll (00007FFAC3490000), size: 208896 (result: 0), SymType: '-exported-', PDB: 'C:\WINDOWS\SYSTEM32\ntmarta.dll', fileVersion: 10.0.19041.546
C:\WINDOWS\SYSTEM32\dxcore.dll:dxcore.dll (00007FFAB9E40000), size: 241664 (result: 0), SymType: '-exported-', PDB: 'C:\WINDOWS\SYSTEM32\dxcore.dll', fileVersion: 10.0.19041.546
C:\WINDOWS\system32\wbem\wbemprox.dll:wbemprox.dll (00007FFAB9E00000), size: 69632 (result: 0), SymType: '-exported-', PDB: 'C:\WINDOWS\system32\wbem\wbemprox.dll', fileVersion: 10.0.19041.1320
C:\WINDOWS\SYSTEM32\wbemcomn.dll:wbemcomn.dll (00007FFAB2680000), size: 589824 (result: 0), SymType: '-exported-', PDB: 'C:\WINDOWS\SYSTEM32\wbemcomn.dll', fileVersion: 10.0.19041.1566
C:\WINDOWS\system32\wbem\wbemsvc.dll:wbemsvc.dll (00007FFAB01A0000), size: 81920 (result: 0), SymType: '-exported-', PDB: 'C:\WINDOWS\system32\wbem\wbemsvc.dll', fileVersion: 10.0.19041.1320
C:\WINDOWS\system32\wbem\fastprox.dll:fastprox.dll (00007FFAB01F0000), size: 1093632 (result: 0), SymType: '-exported-', PDB: 'C:\WINDOWS\system32\wbem\fastprox.dll', fileVersion: 10.0.19041.546
C:\WINDOWS\SYSTEM32\amsi.dll:amsi.dll (00007FFAABE90000), size: 131072 (result: 0), SymType: '-exported-', PDB: 'C:\WINDOWS\SYSTEM32\amsi.dll', fileVersion: 10.0.19041.1620
C:\WINDOWS\SYSTEM32\USERENV.dll:USERENV.dll (00007FFAC4670000), size: 188416 (result: 0), SymType: '-exported-', PDB: 'C:\WINDOWS\SYSTEM32\USERENV.dll', fileVersion: 10.0.19041.572
C:\ProgramData\Microsoft\Windows Defender\Platform\4.18.2205.7-0\MpOav.dll:MpOav.dll (00007FFAABD50000), size: 503808 (result: 0), SymType: '-exported-', PDB: 'C:\ProgramData\Microsoft\Windows Defender\Platform\4.18.2205.7-0\MpOav.dll', fileVersion: 4.18.2205.7
C:\Program Files\Unity 2021.2.0f1\Editor\cudart64_90.dll:cudart64_90.dll (00007FFA68040000), size: 397312 (result: 0), SymType: '-exported-', PDB: 'C:\Program Files\Unity 2021.2.0f1\Editor\cudart64_90.dll', fileVersion: 6.14.11.9000
C:\WINDOWS\SYSTEM32\opencl.dll:opencl.dll (00007FFA11340000), size: 1474560 (result: 0), SymType: '-exported-', PDB: 'C:\WINDOWS\SYSTEM32\opencl.dll', fileVersion: 3.0.1.0
C:\Program Files\Unity 2021.2.0f1\Editor\radeonrays.dll:radeonrays.dll (00007FFA45A70000), size: 557056 (result: 0), SymType: '-exported-', PDB: 'C:\Program Files\Unity 2021.2.0f1\Editor\radeonrays.dll'
C:\Program Files\Unity 2021.2.0f1\Editor\Data\MonoBleedingEdge\EmbedRuntime\mono-2.0-bdwgc.dll:mono-2.0-bdwgc.dll (00007FFA10270000), size: 11173888 (result: 0), SymType: 'PDB', PDB: 'C:\Program Files\Unity 2021.2.0f1\Editor\mono-2.0-bdwgc.pdb'
C:\Users\Yazan Qawasmeh\Documents\github\OpenSourceBowlingEndlessRunner\Bowling Endless Runner\Library\PackageCache\com.unity.burst@1.6.0\.Runtime\burst-llvm-11.dll:burst-llvm-11.dll (00007FFA01950000), size: 38744064 (result: 0), SymType: '-exported-', PDB: 'C:\Users\Yazan Qawasmeh\Documents\github\OpenSourceBowlingEndlessRunner\Bowling Endless Runner\Library\PackageCache\com.unity.burst@1.6.0\.Runtime\burst-llvm-11.dll'
C:\WINDOWS\SYSTEM32\PROPSYS.dll:PROPSYS.dll (00007FFABFED0000), size: 1007616 (result: 0), SymType: '-exported-', PDB: 'C:\WINDOWS\SYSTEM32\PROPSYS.dll', fileVersion: 7.0.19041.1741
C:\WINDOWS\WinSxS\amd64_microsoft.windows.common-controls_6595b64144ccf1df_6.0.19041.1110_none_60b5254171f9507e\comctl32.dll:comctl32.dll (00007FFAB2200000), size: 2727936 (result: 0), SymType: '-exported-', PDB: 'C:\WINDOWS\WinSxS\amd64_microsoft.windows.common-controls_6595b64144ccf1df_6.0.19041.1110_none_60b5254171f9507e\comctl32.dll', fileVersion: 6.10.19041.1110
C:\Windows\System32\MrmCoreR.dll:MrmCoreR.dll (00007FFAB94E0000), size: 999424 (result: 0), SymType: '-exported-', PDB: 'C:\Windows\System32\MrmCoreR.dll', fileVersion: 10.0.19041.1566
C:\Windows\System32\iertutil.dll:iertutil.dll (00007FFAB75B0000), size: 2822144 (result: 0), SymType: '-exported-', PDB: 'C:\Windows\System32\iertutil.dll', fileVersion: 11.0.19041.1741
C:\WINDOWS\SYSTEM32\windows.staterepositorycore.dll:windows.staterepositorycore.dll (00007FFAB27D0000), size: 69632 (result: 0), SymType: '-exported-', PDB: 'C:\WINDOWS\SYSTEM32\windows.staterepositorycore.dll', fileVersion: 10.0.19041.1466
C:\Windows\System32\thumbcache.dll:thumbcache.dll (00007FFAAA430000), size: 417792 (result: 0), SymType: '-exported-', PDB: 'C:\Windows\System32\thumbcache.dll', fileVersion: 10.0.19041.1741
C:\Windows\System32\bcp47mrm.dll:bcp47mrm.dll (00007FFAB9CE0000), size: 184320 (result: 0), SymType: '-exported-', PDB: 'C:\Windows\System32\bcp47mrm.dll', fileVersion: 10.0.19041.1503
C:\Windows\System32\Windows.UI.dll:Windows.UI.dll (00007FFAB98F0000), size: 1314816 (result: 0), SymType: '-exported-', PDB: 'C:\Windows\System32\Windows.UI.dll', fileVersion: 10.0.19041.746
C:\Windows\System32\InputHost.dll:InputHost.dll (00007FFAB9150000), size: 1384448 (result: 0), SymType: '-exported-', PDB: 'C:\Windows\System32\InputHost.dll', fileVersion: 10.0.19041.1741
C:\Windows\System32\WindowManagementAPI.dll:WindowManagementAPI.dll (00007FFABD520000), size: 659456 (result: 0), SymType: '-exported-', PDB: 'C:\Windows\System32\WindowManagementAPI.dll'
C:\Windows\System32\TextInputFramework.dll:TextInputFramework.dll (00007FFAB93E0000), size: 1019904 (result: 0), SymType: '-exported-', PDB: 'C:\Windows\System32\TextInputFramework.dll', fileVersion: 10.0.19041.1741
C:\WINDOWS\SYSTEM32\wintypes.dll:wintypes.dll (00007FFAC03A0000), size: 1392640 (result: 0), SymType: '-exported-', PDB: 'C:\WINDOWS\SYSTEM32\wintypes.dll', fileVersion: 10.0.19041.1682
C:\Windows\System32\CoreMessaging.dll:CoreMessaging.dll (00007FFAC1A60000), size: 991232 (result: 0), SymType: '-exported-', PDB: 'C:\Windows\System32\CoreMessaging.dll', fileVersion: 10.0.19041.746
C:\WINDOWS\SYSTEM32\twinapi.appcore.dll:twinapi.appcore.dll (00007FFABD320000), size: 2097152 (result: 0), SymType: '-exported-', PDB: 'C:\WINDOWS\SYSTEM32\twinapi.appcore.dll', fileVersion: 10.0.19041.1741
C:\Windows\System32\CoreUIComponents.dll:CoreUIComponents.dll (00007FFAC1700000), size: 3530752 (result: 0), SymType: '-exported-', PDB: 'C:\Windows\System32\CoreUIComponents.dll', fileVersion: 10.0.19041.546
C:\WINDOWS\WinSxS\amd64_microsoft.windows.gdiplus_6595b64144ccf1df_1.1.19041.1706_none_919e8e54cc8d4ca1\gdiplus.dll:gdiplus.dll (00007FFAA9120000), size: 1724416 (result: 0), SymType: '-exported-', PDB: 'C:\WINDOWS\WinSxS\amd64_microsoft.windows.gdiplus_6595b64144ccf1df_1.1.19041.1706_none_919e8e54cc8d4ca1\gdiplus.dll', fileVersion: 10.0.19041.1706
C:\WINDOWS\System32\MSCTF.dll:MSCTF.dll (00007FFAC61D0000), size: 1134592 (result: 0), SymType: '-exported-', PDB: 'C:\WINDOWS\System32\MSCTF.dll', fileVersion: 10.0.19041.1741
C:\WINDOWS\SYSTEM32\edputil.dll:edputil.dll (00007FFAB4C20000), size: 147456 (result: 0), SymType: '-exported-', PDB: 'C:\WINDOWS\SYSTEM32\edputil.dll', fileVersion: 10.0.19041.546
C:\Windows\System32\Windows.StateRepositoryPS.dll:Windows.StateRepositoryPS.dll (00007FFAA8890000), size: 1335296 (result: 0), SymType: '-exported-', PDB: 'C:\Windows\System32\Windows.StateRepositoryPS.dll', fileVersion: 10.0.19041.1466
C:\WINDOWS\SYSTEM32\policymanager.dll:policymanager.dll (00007FFABFC70000), size: 655360 (result: 0), SymType: '-exported-', PDB: 'C:\WINDOWS\SYSTEM32\policymanager.dll', fileVersion: 10.0.19041.1741
C:\WINDOWS\SYSTEM32\msvcp110_win.dll:msvcp110_win.dll (00007FFAC3910000), size: 565248 (result: 0), SymType: '-exported-', PDB: 'C:\WINDOWS\SYSTEM32\msvcp110_win.dll', fileVersion: 10.0.19041.546
C:\WINDOWS\SYSTEM32\dbghelp.dll:dbghelp.dll (00007FFAC2E00000), size: 1982464 (result: 0), SymType: '-exported-', PDB: 'C:\WINDOWS\SYSTEM32\dbghelp.dll', fileVersion: 10.0.19041.867
  ERROR: SymGetSymFromAddr64, GetLastError: 'The specified module could not be found.' (Address: 00000132B84208C6)
  ERROR: SymGetModuleInfo64, GetLastError: 'A dynamic link library (DLL) initialization routine failed.' (Address: 00000132B84208C6)
0x00000132B84208C6 ((<unknown>)) (function-name not available)
0x00000132BC87278B (Mono JIT Code) System.Collections.ObjectModel.ReadOnlyCollection`1<T_REF>:GetEnumerator ()
0x00000132C73098C3 (Mono JIT Code) [C:\Users\Yazan Qawasmeh\Documents\github\OpenSourceBowlingEndlessRunner\Bowling Endless Runner\Library\PackageCache\com.unity.render-pipelines.core@12.1.0\Runtime\Volume\VolumeComponent.cs:187] UnityEngine.Rendering.VolumeComponent:OnDisable () 
0x00000132BC86F858 (Mono JIT Code) (wrapper runtime-invoke) object:runtime_invoke_void__this__ (object,intptr,intptr,intptr)
0x00007FFA104EDCF4 (mono-2.0-bdwgc) [C:\build\output\Unity-Technologies\mono\mono\mini\mini-runtime.c:3445] mono_jit_runtime_invoke 
0x00007FFA1042E704 (mono-2.0-bdwgc) [C:\build\output\Unity-Technologies\mono\mono\metadata\object.c:3064] do_runtime_invoke 
0x00007FFA1042E89C (mono-2.0-bdwgc) [C:\build\output\Unity-Technologies\mono\mono\metadata\object.c:3111] mono_runtime_invoke 
0x00007FF614FF8B54 (Unity) scripting_method_invoke
0x00007FF614FF37F4 (Unity) ScriptingInvocation::Invoke
0x00007FF614FF38DE (Unity) ScriptingInvocation::InvokeChecked
0x00007FF61506CCA6 (Unity) SerializableManagedRef::CallMethod
0x00007FF614FD2616 (Unity) MonoBehaviour::WillUnloadScriptableObject
0x00007FF614FCA71D (Unity) MonoManager::RemoveBehavioursFromManager
0x00007FF614FC07A5 (Unity) MonoManager::BeginReloadAssembly
0x00007FF614FCA417 (Unity) MonoManager::ReloadAssembly
0x00007FF615ED8062 (Unity) LoadDomainAndUserAssemblies
0x00007FF615ED843C (Unity) LoadUserAssemblies
0x00007FF616365D58 (Unity) <lambda_51ee465229d2ba1d09dac25aa76052e0>::operator()
0x00007FF6163FB6E2 (Unity) asio::detail::completion_handler<core::mutable_function<void __cdecl(void)> >::do_complete
0x00007FF6163FD96D (Unity) asio::detail::win_iocp_io_service::do_one
0x00007FF616400D8E (Unity) asio::io_service::run
0x00007FF6163F9B81 (Unity) IOService::Run
0x00007FF616392F28 (Unity) RunAssetImportWorkerClientV2
0x00007FF616392FFB (Unity) RunAssetImporterV2
0x00007FF615BE092F (Unity) Application::InitializeProject
0x00007FF6160278E8 (Unity) WinMain
0x00007FF617333AE2 (Unity) __scrt_common_main_seh
0x00007FFAC6B07034 (KERNEL32) BaseThreadInitThunk
0x00007FFAC70E2651 (ntdll) RtlUserThreadStart

========== END OF STACKTRACE ===========

A crash has been intercepted by the crash handler. For call stack and other details, see the latest crash report generated in:
 * C:/Users/YAZANQ~1/AppData/Local/Temp/Unity/Editor/Crashes
